[ 2018-10-02 17:32:37,660 ][ INFO ] 开始导入配置文件
[ 2018-10-02 17:32:41,020 ][ INFO ] redis服务器:107.151.172.213
redis端口:10070
[ 2018-10-02 17:32:41,020 ][ INFO ] modbus端口:502
[ 2018-10-02 17:32:41,098 ][ INFO ] 设备:3F机柜,地址1。有1124条规则,MODBUS地址HOLDING_REGISTERS长度2247,MODBUS地址COILS长度1686
[ 2018-10-02 17:32:41,114 ][ INFO ] 设备:4F机柜,地址2。有408条规则,MODBUS地址HOLDING_REGISTERS长度3063,MODBUS地址COILS长度2298
[ 2018-10-02 17:32:41,114 ][ INFO ] 设备:5F机柜,地址3。有128条规则,MODBUS地址HOLDING_REGISTERS长度3319,MODBUS地址COILS长度2490
[ 2018-10-02 17:32:41,114 ][ INFO ] 总共需要获取1660个测点
[ 2018-10-02 17:32:41,114 ][ INFO ] 导入配置文件成功
[ 2018-10-02 17:32:41,114 ][ INFO ] 初始化modbus服务器
[ 2018-10-02 17:32:41,114 ][ INFO ] 创建3F机柜地址1的数据块
[ 2018-10-02 17:32:41,114 ][ INFO ] 创建4F机柜地址2的数据块
[ 2018-10-02 17:32:41,114 ][ INFO ] 创建5F机柜地址3的数据块
[ 2018-10-02 17:32:41,114 ][ INFO ] 完成modbus服务器初始化
[ 2018-10-02 17:32:41,114 ][ INFO ] 开始初始化redis
[ 2018-10-02 17:32:41,114 ][ INFO ] 初始化redis成功
[ 2018-10-02 17:32:41,114 ][ INFO ] 创建redis采集线程
[ 2018-10-02 17:33:36,215 ][ INFO ] 开始导入配置文件
[ 2018-10-02 17:33:39,631 ][ INFO ] redis服务器:107.151.172.213
redis端口:10070
[ 2018-10-02 17:33:39,631 ][ INFO ] modbus端口:502
[ 2018-10-02 17:33:39,709 ][ INFO ] 设备:3F机柜,地址1。有1124条规则,MODBUS地址HOLDING_REGISTERS长度2247,MODBUS地址COILS长度1686
[ 2018-10-02 17:33:39,709 ][ INFO ] 设备:5F机柜,地址3。有128条规则,MODBUS地址HOLDING_REGISTERS长度3319,MODBUS地址COILS长度2490
[ 2018-10-02 17:33:39,724 ][ INFO ] 设备:4F机柜,地址2。有408条规则,MODBUS地址HOLDING_REGISTERS长度3063,MODBUS地址COILS长度2298
[ 2018-10-02 17:33:39,724 ][ INFO ] 总共需要获取1660个测点
[ 2018-10-02 17:33:39,724 ][ INFO ] 导入配置文件成功
[ 2018-10-02 17:33:39,724 ][ INFO ] 初始化modbus服务器
[ 2018-10-02 17:33:39,724 ][ INFO ] 创建3F机柜地址1的数据块
[ 2018-10-02 17:33:39,724 ][ INFO ] 创建5F机柜地址3的数据块
[ 2018-10-02 17:33:39,724 ][ INFO ] 创建4F机柜地址2的数据块
[ 2018-10-02 17:33:39,724 ][ INFO ] 完成modbus服务器初始化
[ 2018-10-02 17:33:39,724 ][ INFO ] 开始初始化redis
[ 2018-10-02 17:33:39,724 ][ INFO ] 初始化redis成功
[ 2018-10-02 17:33:39,724 ][ INFO ] 创建redis采集线程
[ 2018-10-02 17:33:39,724 ][ INFO ] 创建modbus服务线程
[ 2018-10-02 17:33:39,724 ][ INFO ] 创建modbus设备3F机柜刷新线程
[ 2018-10-02 17:33:39,724 ][ INFO ] 创建modbus设备5F机柜刷新线程
[ 2018-10-02 17:33:39,724 ][ INFO ] 创建modbus设备4F机柜刷新线程
[ 2018-10-02 17:33:41,725 ][ INFO ] 获取redis耗时2.000173807144165
[ 2018-10-02 17:33:41,943 ][ INFO ] 4F机柜slave写入modbus点表耗时0.1874854564666748
[ 2018-10-02 17:33:41,975 ][ INFO ] 5F机柜slave写入modbus点表耗时0.1093895435333252
[ 2018-10-02 17:33:42,053 ][ INFO ] 3F机柜slave写入modbus点表耗时0.281247615814209
[ 2018-10-02 17:33:48,126 ][ INFO ] 获取redis耗时1.390418291091919
[ 2018-10-02 17:34:21,705 ][ INFO ] 开始导入配置文件
[ 2018-10-02 17:34:36,454 ][ INFO ] 开始导入配置文件
[ 2018-10-02 17:34:39,804 ][ INFO ] redis服务器:107.151.172.213
redis端口:10070
[ 2018-10-02 17:34:39,804 ][ INFO ] modbus端口:502
[ 2018-10-02 17:34:39,804 ][ INFO ] 设备:5F机柜,地址3。有128条规则,MODBUS地址HOLDING_REGISTERS长度3319,MODBUS地址COILS长度2490
[ 2018-10-02 17:34:39,882 ][ INFO ] 设备:3F机柜,地址1。有1124条规则,MODBUS地址HOLDING_REGISTERS长度2247,MODBUS地址COILS长度1686
[ 2018-10-02 17:34:39,882 ][ INFO ] 设备:4F机柜,地址2。有408条规则,MODBUS地址HOLDING_REGISTERS长度3063,MODBUS地址COILS长度2298
[ 2018-10-02 17:34:39,882 ][ INFO ] 总共需要获取1660个测点
[ 2018-10-02 17:34:39,882 ][ INFO ] 导入配置文件成功
[ 2018-10-02 17:34:39,898 ][ INFO ] 初始化modbus服务器
[ 2018-10-02 17:34:39,898 ][ INFO ] 创建5F机柜地址3的数据块
[ 2018-10-02 17:34:39,898 ][ INFO ] 创建3F机柜地址1的数据块
[ 2018-10-02 17:34:39,898 ][ INFO ] 创建4F机柜地址2的数据块
[ 2018-10-02 17:34:39,898 ][ INFO ] 完成modbus服务器初始化
[ 2018-10-02 17:34:39,898 ][ INFO ] 开始初始化redis
[ 2018-10-02 17:34:39,898 ][ INFO ] 初始化redis成功
[ 2018-10-02 17:34:39,898 ][ INFO ] 创建redis采集线程
[ 2018-10-02 17:34:39,898 ][ INFO ] 创建modbus服务线程
[ 2018-10-02 17:34:39,898 ][ INFO ] 创建modbus设备5F机柜刷新线程
[ 2018-10-02 17:34:39,898 ][ INFO ] 创建modbus设备3F机柜刷新线程
[ 2018-10-02 17:34:39,898 ][ INFO ] 创建modbus设备4F机柜刷新线程
[ 2018-10-02 17:34:41,366 ][ INFO ] 获取redis耗时1.4689226150512695
[ 2018-10-02 17:34:42,038 ][ INFO ] 5F机柜slave写入modbus点表耗时0.0781259536743164
[ 2018-10-02 17:34:42,085 ][ INFO ] 4F机柜slave写入modbus点表耗时0.14060425758361816
[ 2018-10-02 17:34:42,195 ][ INFO ] 3F机柜slave写入modbus点表耗时0.26538538932800293
[ 2018-10-02 17:34:47,518 ][ INFO ] 获取redis耗时1.1249303817749023
[ 2018-10-02 17:34:52,115 ][ INFO ] 5F机柜slave写入modbus点表耗时0.06251192092895508
[ 2018-10-02 17:34:52,193 ][ INFO ] 4F机柜slave写入modbus点表耗时0.07813262939453125
[ 2018-10-02 17:34:52,349 ][ INFO ] 3F机柜slave写入modbus点表耗时0.14043068885803223
[ 2018-10-02 17:35:11,552 ][ INFO ] 开始导入配置文件
[ 2018-10-02 17:35:24,271 ][ INFO ] 开始导入配置文件
[ 2018-10-02 17:35:27,513 ][ INFO ] redis服务器:107.151.172.213
redis端口:10070
[ 2018-10-02 17:35:27,513 ][ INFO ] modbus端口:502
[ 2018-10-02 17:35:27,591 ][ INFO ] 设备:3F机柜,地址1。有1124条规则,MODBUS地址HOLDING_REGISTERS长度2247,MODBUS地址COILS长度1686
[ 2018-10-02 17:35:27,607 ][ INFO ] 设备:4F机柜,地址2。有408条规则,MODBUS地址HOLDING_REGISTERS长度3063,MODBUS地址COILS长度2298
[ 2018-10-02 17:35:27,607 ][ INFO ] 设备:5F机柜,地址3。有128条规则,MODBUS地址HOLDING_REGISTERS长度3319,MODBUS地址COILS长度2490
[ 2018-10-02 17:35:27,607 ][ INFO ] 总共需要获取1660个测点
[ 2018-10-02 17:35:27,607 ][ INFO ] 导入配置文件成功
[ 2018-10-02 17:35:27,607 ][ INFO ] 初始化modbus服务器
[ 2018-10-02 17:35:27,607 ][ INFO ] 创建3F机柜地址1的数据块
[ 2018-10-02 17:35:27,623 ][ INFO ] 创建4F机柜地址2的数据块
[ 2018-10-02 17:35:27,623 ][ INFO ] 创建5F机柜地址3的数据块
[ 2018-10-02 17:35:27,623 ][ INFO ] 完成modbus服务器初始化
[ 2018-10-02 17:35:27,623 ][ INFO ] 开始初始化redis
[ 2018-10-02 17:35:27,623 ][ INFO ] 初始化redis成功
[ 2018-10-02 17:35:27,623 ][ INFO ] 创建redis采集线程
[ 2018-10-02 17:35:27,623 ][ INFO ] 创建modbus服务线程
[ 2018-10-02 17:35:27,623 ][ INFO ] 创建modbus设备3F机柜刷新线程
[ 2018-10-02 17:35:27,623 ][ INFO ] 创建modbus设备4F机柜刷新线程
[ 2018-10-02 17:35:27,623 ][ INFO ] 创建modbus设备5F机柜刷新线程
[ 2018-10-02 17:35:29,045 ][ INFO ] 获取redis耗时1.422067403793335
[ 2018-10-02 17:35:29,717 ][ INFO ] 5F机柜slave写入modbus点表耗时0.062102556228637695
[ 2018-10-02 17:35:29,795 ][ INFO ] 4F机柜slave写入modbus点表耗时0.12496757507324219
[ 2018-10-02 17:35:29,904 ][ INFO ] 3F机柜slave写入modbus点表耗时0.20314502716064453
[ 2018-10-02 17:35:35,168 ][ INFO ] 获取redis耗时1.1091570854187012
[ 2018-10-02 17:35:39,800 ][ INFO ] 5F机柜slave写入modbus点表耗时0.062129974365234375
[ 2018-10-02 17:35:39,878 ][ INFO ] 4F机柜slave写入modbus点表耗时0.0621333122253418
[ 2018-10-02 17:35:40,081 ][ INFO ] 3F机柜slave写入modbus点表耗时0.15604877471923828
[ 2018-10-02 17:41:05,264 ][ INFO ] 开始导入配置文件
[ 2018-10-02 17:41:08,506 ][ INFO ] redis服务器:107.151.172.213
redis端口:10070
[ 2018-10-02 17:41:08,506 ][ INFO ] modbus端口:502
[ 2018-10-02 17:41:08,522 ][ INFO ] 设备:4F机柜,地址2。有408条规则,MODBUS地址HOLDING_REGISTERS长度3063,MODBUS地址COILS长度2298
[ 2018-10-02 17:41:08,585 ][ INFO ] 设备:3F机柜,地址1。有1124条规则,MODBUS地址HOLDING_REGISTERS长度2247,MODBUS地址COILS长度1686
[ 2018-10-02 17:41:08,585 ][ INFO ] 设备:5F机柜,地址3。有128条规则,MODBUS地址HOLDING_REGISTERS长度3319,MODBUS地址COILS长度2490
[ 2018-10-02 17:41:08,585 ][ INFO ] 总共需要获取1660个测点
[ 2018-10-02 17:41:08,585 ][ INFO ] 导入配置文件成功
[ 2018-10-02 17:41:08,585 ][ INFO ] 初始化modbus服务器
[ 2018-10-02 17:41:08,585 ][ INFO ] 创建4F机柜地址2的数据块
[ 2018-10-02 17:41:08,600 ][ INFO ] 创建3F机柜地址1的数据块
[ 2018-10-02 17:41:08,600 ][ INFO ] 创建5F机柜地址3的数据块
[ 2018-10-02 17:41:08,600 ][ INFO ] 完成modbus服务器初始化
[ 2018-10-02 17:41:08,600 ][ INFO ] 开始初始化redis
[ 2018-10-02 17:41:08,600 ][ INFO ] 初始化redis成功
[ 2018-10-02 17:41:08,600 ][ INFO ] 创建redis采集线程
[ 2018-10-02 17:41:08,600 ][ INFO ] 创建modbus设备4F机柜刷新线程
[ 2018-10-02 17:41:08,600 ][ INFO ] 创建modbus设备3F机柜刷新线程
[ 2018-10-02 17:41:08,600 ][ INFO ] 创建modbus设备5F机柜刷新线程
[ 2018-10-02 17:41:10,620 ][ INFO ] 连接redis失败，等待redis连接成功，暂停modbus数据刷新
[ 2018-10-02 17:41:10,620 ][ INFO ] 连接redis失败，等待redis连接成功，暂停modbus数据刷新
[ 2018-10-02 17:41:10,620 ][ INFO ] 连接redis失败，等待redis连接成功，暂停modbus数据刷新
[ 2018-10-02 17:41:10,713 ][ INFO ] 获取redis耗时2.113024950027466
[ 2018-10-02 17:41:17,494 ][ INFO ] 获取redis耗时1.7643547058105469
[ 2018-10-02 17:41:44,775 ][ INFO ] 开始导入配置文件
[ 2018-10-02 17:41:48,036 ][ INFO ] redis服务器:107.151.172.213
redis端口:10070
[ 2018-10-02 17:41:48,036 ][ INFO ] modbus端口:502
[ 2018-10-02 17:41:48,051 ][ INFO ] 设备:4F机柜,地址2。有408条规则,MODBUS地址HOLDING_REGISTERS长度3063,MODBUS地址COILS长度2298
[ 2018-10-02 17:41:48,051 ][ INFO ] 设备:5F机柜,地址3。有128条规则,MODBUS地址HOLDING_REGISTERS长度3319,MODBUS地址COILS长度2490
[ 2018-10-02 17:41:48,129 ][ INFO ] 设备:3F机柜,地址1。有1124条规则,MODBUS地址HOLDING_REGISTERS长度2247,MODBUS地址COILS长度1686
[ 2018-10-02 17:41:48,129 ][ INFO ] 总共需要获取1660个测点
[ 2018-10-02 17:41:48,129 ][ INFO ] 导入配置文件成功
[ 2018-10-02 17:41:48,129 ][ INFO ] 初始化modbus服务器
[ 2018-10-02 17:41:48,129 ][ INFO ] 创建4F机柜地址2的数据块
[ 2018-10-02 17:41:48,129 ][ INFO ] 创建5F机柜地址3的数据块
[ 2018-10-02 17:41:48,129 ][ INFO ] 创建3F机柜地址1的数据块
[ 2018-10-02 17:41:48,129 ][ INFO ] 完成modbus服务器初始化
[ 2018-10-02 17:41:48,129 ][ INFO ] 开始初始化redis
[ 2018-10-02 17:41:48,129 ][ INFO ] 初始化redis成功
[ 2018-10-02 17:41:48,129 ][ INFO ] 创建redis采集线程
[ 2018-10-02 17:41:48,129 ][ INFO ] 创建modbus设备4F机柜刷新线程
[ 2018-10-02 17:41:48,129 ][ INFO ] 创建modbus设备5F机柜刷新线程
[ 2018-10-02 17:41:48,129 ][ INFO ] 创建modbus设备3F机柜刷新线程
[ 2018-10-02 17:41:48,145 ][ INFO ] 创建modbus服务线程
[ 2018-10-02 17:41:50,167 ][ INFO ] 连接redis失败，等待redis连接成功，暂停modbus数据刷新
[ 2018-10-02 17:41:50,167 ][ INFO ] 连接redis失败，等待redis连接成功，暂停modbus数据刷新
[ 2018-10-02 17:41:50,167 ][ INFO ] 连接redis失败，等待redis连接成功，暂停modbus数据刷新
[ 2018-10-02 17:41:50,839 ][ INFO ] 获取redis耗时2.7092196941375732
[ 2018-10-02 17:42:30,554 ][ INFO ] 开始导入配置文件
[ 2018-10-02 17:42:33,964 ][ INFO ] redis服务器:107.151.172.213
redis端口:10070
[ 2018-10-02 17:42:33,964 ][ INFO ] modbus端口:502
[ 2018-10-02 17:42:34,042 ][ INFO ] 设备:3F机柜,地址1。有1124条规则,MODBUS地址HOLDING_REGISTERS长度2247,MODBUS地址COILS长度1686
[ 2018-10-02 17:42:34,058 ][ INFO ] 设备:4F机柜,地址2。有408条规则,MODBUS地址HOLDING_REGISTERS长度3063,MODBUS地址COILS长度2298
[ 2018-10-02 17:42:34,058 ][ INFO ] 设备:5F机柜,地址3。有128条规则,MODBUS地址HOLDING_REGISTERS长度3319,MODBUS地址COILS长度2490
[ 2018-10-02 17:42:34,058 ][ INFO ] 总共需要获取1660个测点
[ 2018-10-02 17:42:34,058 ][ INFO ] 导入配置文件成功
[ 2018-10-02 17:42:34,058 ][ INFO ] 初始化modbus服务器
[ 2018-10-02 17:42:34,058 ][ INFO ] 创建3F机柜地址1的数据块
[ 2018-10-02 17:42:34,058 ][ INFO ] 创建4F机柜地址2的数据块
[ 2018-10-02 17:42:34,058 ][ INFO ] 创建5F机柜地址3的数据块
[ 2018-10-02 17:42:34,058 ][ INFO ] 完成modbus服务器初始化
[ 2018-10-02 17:42:34,058 ][ INFO ] 开始初始化redis
[ 2018-10-02 17:42:34,058 ][ INFO ] 初始化redis成功
[ 2018-10-02 17:42:34,058 ][ INFO ] 创建redis采集线程
[ 2018-10-02 17:42:34,058 ][ INFO ] 创建modbus设备3F机柜刷新线程
[ 2018-10-02 17:42:34,058 ][ INFO ] 创建modbus设备4F机柜刷新线程
[ 2018-10-02 17:42:34,058 ][ INFO ] 创建modbus设备5F机柜刷新线程
[ 2018-10-02 17:42:34,073 ][ INFO ] 创建modbus服务线程
[ 2018-10-02 17:42:35,659 ][ INFO ] 获取redis耗时1.6013939380645752
[ 2018-10-02 17:42:36,204 ][ INFO ] 5F机柜slave写入modbus点表耗时0.07809090614318848
[ 2018-10-02 17:42:36,282 ][ INFO ] 4F机柜slave写入modbus点表耗时0.17188739776611328
[ 2018-10-02 17:42:36,360 ][ INFO ] 3F机柜slave写入modbus点表耗时0.2652924060821533
[ 2018-10-02 17:42:42,092 ][ INFO ] 获取redis耗时1.4113667011260986
[ 2018-10-02 17:42:46,274 ][ INFO ] 5F机柜slave写入modbus点表耗时0.06249547004699707
[ 2018-10-02 17:42:46,352 ][ INFO ] 4F机柜slave写入modbus点表耗时0.04652571678161621
[ 2018-10-02 17:42:46,571 ][ INFO ] 3F机柜slave写入modbus点表耗时0.18714642524719238
[ 2018-10-02 17:42:48,408 ][ INFO ] 获取redis耗时1.3108940124511719
[ 2018-10-02 17:42:54,738 ][ INFO ] 获取redis耗时1.3060688972473145
[ 2018-10-02 17:42:56,337 ][ INFO ] 5F机柜slave写入modbus点表耗时0.043976545333862305
[ 2018-10-02 17:42:56,509 ][ INFO ] 4F机柜slave写入modbus点表耗时0.12436985969543457
[ 2018-10-02 17:42:56,784 ][ INFO ] 3F机柜slave写入modbus点表耗时0.1875901222229004
[ 2018-10-02 17:43:00,978 ][ INFO ] 获取redis耗时1.2343590259552002
[ 2018-10-02 17:43:06,404 ][ INFO ] 5F机柜slave写入modbus点表耗时0.046895742416381836
[ 2018-10-02 17:43:06,654 ][ INFO ] 4F机柜slave写入modbus点表耗时0.12479496002197266
[ 2018-10-02 17:43:07,076 ][ INFO ] 3F机柜slave写入modbus点表耗时0.2656421661376953
[ 2018-10-02 17:43:07,337 ][ INFO ] 获取redis耗时1.3390965461730957
[ 2018-10-02 17:43:13,961 ][ INFO ] 获取redis耗时1.6084866523742676
[ 2018-10-02 17:43:16,492 ][ INFO ] 5F机柜slave写入modbus点表耗时0.06225275993347168
[ 2018-10-02 17:43:16,727 ][ INFO ] 4F机柜slave写入modbus点表耗时0.04691481590270996
[ 2018-10-02 17:43:17,259 ][ INFO ] 3F机柜slave写入modbus点表耗时0.17038822174072266
[ 2018-10-02 17:43:20,337 ][ INFO ] 获取redis耗时1.3469319343566895
[ 2018-10-02 17:43:26,571 ][ INFO ] 5F机柜slave写入modbus点表耗时0.06213951110839844
[ 2018-10-02 17:43:26,837 ][ INFO ] 4F机柜slave写入modbus点表耗时0.09354496002197266
[ 2018-10-02 17:43:27,009 ][ INFO ] 获取redis耗时1.6566014289855957
[ 2018-10-02 17:43:27,462 ][ INFO ] 3F机柜slave写入modbus点表耗时0.18728232383728027
[ 2018-10-02 17:43:33,567 ][ INFO ] 获取redis耗时1.5475881099700928
[ 2018-10-02 17:43:36,647 ][ INFO ] 5F机柜slave写入modbus点表耗时0.046521902084350586
[ 2018-10-02 17:43:36,949 ][ INFO ] 4F机柜slave写入modbus点表耗时0.08277010917663574
[ 2018-10-02 17:43:37,687 ][ INFO ] 3F机柜slave写入modbus点表耗时0.193251371383667
[ 2018-10-02 17:43:40,213 ][ INFO ] 获取redis耗时1.634293556213379
[ 2018-10-02 17:44:24,379 ][ INFO ] 开始导入配置文件
[ 2018-10-02 17:44:27,757 ][ INFO ] redis服务器:107.151.172.213
redis端口:10070
[ 2018-10-02 17:44:27,757 ][ INFO ] modbus端口:502
[ 2018-10-02 17:44:27,772 ][ INFO ] 设备:4F机柜,地址2。有408条规则,MODBUS地址HOLDING_REGISTERS长度3063,MODBUS地址COILS长度2298
[ 2018-10-02 17:44:27,772 ][ INFO ] 设备:5F机柜,地址3。有128条规则,MODBUS地址HOLDING_REGISTERS长度3319,MODBUS地址COILS长度2490
[ 2018-10-02 17:44:27,851 ][ INFO ] 设备:3F机柜,地址1。有1124条规则,MODBUS地址HOLDING_REGISTERS长度2247,MODBUS地址COILS长度1686
[ 2018-10-02 17:44:27,851 ][ INFO ] 总共需要获取1660个测点
[ 2018-10-02 17:44:27,851 ][ INFO ] 导入配置文件成功
[ 2018-10-02 17:44:27,851 ][ INFO ] 初始化modbus服务器
[ 2018-10-02 17:44:27,851 ][ INFO ] 创建4F机柜地址2的数据块
[ 2018-10-02 17:44:27,851 ][ INFO ] 创建5F机柜地址3的数据块
[ 2018-10-02 17:44:27,851 ][ INFO ] 创建3F机柜地址1的数据块
[ 2018-10-02 17:44:27,851 ][ INFO ] 完成modbus服务器初始化
[ 2018-10-02 17:44:27,851 ][ INFO ] 开始初始化redis
[ 2018-10-02 17:44:27,851 ][ INFO ] 初始化redis成功
[ 2018-10-02 17:44:27,851 ][ INFO ] 创建redis采集线程
[ 2018-10-02 17:44:27,851 ][ INFO ] 创建modbus设备4F机柜刷新线程
[ 2018-10-02 17:44:27,851 ][ INFO ] 创建modbus设备5F机柜刷新线程
[ 2018-10-02 17:44:27,851 ][ INFO ] 创建modbus设备3F机柜刷新线程
[ 2018-10-02 17:44:27,866 ][ INFO ] 创建modbus服务线程
[ 2018-10-02 17:44:29,883 ][ INFO ] 连接redis失败，等待redis连接成功，暂停modbus数据刷新
[ 2018-10-02 17:44:29,883 ][ INFO ] 连接redis失败，等待redis连接成功，暂停modbus数据刷新
[ 2018-10-02 17:44:29,883 ][ INFO ] 连接redis失败，等待redis连接成功，暂停modbus数据刷新
[ 2018-10-02 17:46:53,759 ][ INFO ] 开始导入配置文件
[ 2018-10-02 17:46:57,017 ][ INFO ] redis服务器:107.151.172.213
redis端口:10070
[ 2018-10-02 17:46:57,017 ][ INFO ] modbus端口:502
[ 2018-10-02 17:46:57,032 ][ INFO ] 设备:4F机柜,地址2。有408条规则,MODBUS地址HOLDING_REGISTERS长度3063,MODBUS地址COILS长度2298
[ 2018-10-02 17:46:57,111 ][ INFO ] 设备:3F机柜,地址1。有1124条规则,MODBUS地址HOLDING_REGISTERS长度2247,MODBUS地址COILS长度1686
[ 2018-10-02 17:46:57,111 ][ INFO ] 设备:5F机柜,地址3。有128条规则,MODBUS地址HOLDING_REGISTERS长度3319,MODBUS地址COILS长度2490
[ 2018-10-02 17:46:57,111 ][ INFO ] 总共需要获取1660个测点
[ 2018-10-02 17:46:57,111 ][ INFO ] 导入配置文件成功
[ 2018-10-02 17:46:57,111 ][ INFO ] 初始化modbus服务器
[ 2018-10-02 17:46:57,111 ][ INFO ] 创建4F机柜地址2的数据块
[ 2018-10-02 17:46:57,111 ][ INFO ] 创建3F机柜地址1的数据块
[ 2018-10-02 17:46:57,111 ][ INFO ] 创建5F机柜地址3的数据块
[ 2018-10-02 17:46:57,111 ][ INFO ] 完成modbus服务器初始化
[ 2018-10-02 17:46:57,111 ][ INFO ] 开始初始化redis
[ 2018-10-02 17:46:57,111 ][ INFO ] 初始化redis成功
[ 2018-10-02 17:46:57,111 ][ INFO ] 创建redis采集线程
[ 2018-10-02 17:46:57,126 ][ INFO ] 创建modbus设备4F机柜刷新线程
[ 2018-10-02 17:46:57,126 ][ INFO ] 创建modbus设备3F机柜刷新线程
[ 2018-10-02 17:46:57,126 ][ INFO ] 创建modbus设备5F机柜刷新线程
[ 2018-10-02 17:46:57,126 ][ INFO ] 创建modbus服务线程
[ 2018-10-02 17:46:58,352 ][ INFO ] 获取redis耗时1.2258319854736328
[ 2018-10-02 17:46:59,243 ][ INFO ] 5F机柜slave写入modbus点表耗时0.031248092651367188
[ 2018-10-02 17:46:59,258 ][ INFO ] 4F机柜slave写入modbus点表耗时0.10902643203735352
[ 2018-10-02 17:46:59,383 ][ INFO ] 3F机柜slave写入modbus点表耗时0.21880459785461426
[ 2018-10-02 17:47:04,291 ][ INFO ] 获取redis耗时0.9238200187683105
[ 2018-10-02 17:47:28,524 ][ INFO ] 开始导入配置文件
[ 2018-10-02 17:47:31,919 ][ INFO ] redis服务器:107.151.172.213
redis端口:10070
[ 2018-10-02 17:47:31,919 ][ INFO ] modbus端口:502
[ 2018-10-02 17:47:31,919 ][ INFO ] 设备:5F机柜,地址3。有128条规则,MODBUS地址HOLDING_REGISTERS长度3319,MODBUS地址COILS长度2490
[ 2018-10-02 17:47:31,935 ][ INFO ] 设备:4F机柜,地址2。有408条规则,MODBUS地址HOLDING_REGISTERS长度3063,MODBUS地址COILS长度2298
[ 2018-10-02 17:47:32,013 ][ INFO ] 设备:3F机柜,地址1。有1124条规则,MODBUS地址HOLDING_REGISTERS长度2247,MODBUS地址COILS长度1686
[ 2018-10-02 17:47:32,013 ][ INFO ] 总共需要获取1660个测点
[ 2018-10-02 17:47:32,013 ][ INFO ] 导入配置文件成功
[ 2018-10-02 17:47:32,013 ][ INFO ] 初始化modbus服务器
[ 2018-10-02 17:47:32,013 ][ INFO ] 创建5F机柜地址3的数据块
[ 2018-10-02 17:47:32,013 ][ INFO ] 创建4F机柜地址2的数据块
[ 2018-10-02 17:47:32,013 ][ INFO ] 创建3F机柜地址1的数据块
[ 2018-10-02 17:47:32,013 ][ INFO ] 完成modbus服务器初始化
[ 2018-10-02 17:47:32,013 ][ INFO ] 开始初始化redis
[ 2018-10-02 17:47:32,013 ][ INFO ] 初始化redis成功
[ 2018-10-02 17:47:32,013 ][ INFO ] 创建redis采集线程
[ 2018-10-02 17:47:46,073 ][ INFO ] 开始导入配置文件
[ 2018-10-02 17:47:49,398 ][ INFO ] redis服务器:107.151.172.213
redis端口:10070
[ 2018-10-02 17:47:49,398 ][ INFO ] modbus端口:502
[ 2018-10-02 17:47:49,461 ][ INFO ] 设备:3F机柜,地址1。有1124条规则,MODBUS地址HOLDING_REGISTERS长度2247,MODBUS地址COILS长度1686
[ 2018-10-02 17:47:49,476 ][ INFO ] 设备:4F机柜,地址2。有408条规则,MODBUS地址HOLDING_REGISTERS长度3063,MODBUS地址COILS长度2298
[ 2018-10-02 17:47:49,476 ][ INFO ] 设备:5F机柜,地址3。有128条规则,MODBUS地址HOLDING_REGISTERS长度3319,MODBUS地址COILS长度2490
[ 2018-10-02 17:47:49,476 ][ INFO ] 总共需要获取1660个测点
[ 2018-10-02 17:47:49,476 ][ INFO ] 导入配置文件成功
[ 2018-10-02 17:47:49,492 ][ INFO ] 初始化modbus服务器
[ 2018-10-02 17:47:49,492 ][ INFO ] 创建3F机柜地址1的数据块
[ 2018-10-02 17:47:49,492 ][ INFO ] 创建4F机柜地址2的数据块
[ 2018-10-02 17:47:49,492 ][ INFO ] 创建5F机柜地址3的数据块
[ 2018-10-02 17:47:49,492 ][ INFO ] 完成modbus服务器初始化
[ 2018-10-02 17:47:49,492 ][ INFO ] 开始初始化redis
[ 2018-10-02 17:47:49,492 ][ INFO ] 初始化redis成功
[ 2018-10-02 17:47:49,492 ][ INFO ] 创建redis采集线程
[ 2018-10-02 17:47:49,492 ][ INFO ] 创建modbus服务线程
[ 2018-10-02 17:47:49,492 ][ INFO ] 创建modbus设备3F机柜刷新线程
[ 2018-10-02 17:47:49,492 ][ INFO ] 创建modbus设备4F机柜刷新线程
[ 2018-10-02 17:47:49,492 ][ INFO ] 创建modbus设备5F机柜刷新线程
[ 2018-10-02 17:47:51,130 ][ INFO ] 获取redis耗时1.6373991966247559
[ 2018-10-02 17:47:51,583 ][ INFO ] 5F机柜slave写入modbus点表耗时0.06220507621765137
[ 2018-10-02 17:47:51,676 ][ INFO ] 4F机柜slave写入modbus点表耗时0.09372639656066895
[ 2018-10-02 17:47:51,755 ][ INFO ] 3F机柜slave写入modbus点表耗时0.21874022483825684
[ 2018-10-02 17:47:58,982 ][ INFO ] 开始导入配置文件
[ 2018-10-02 17:48:02,256 ][ INFO ] redis服务器:107.151.172.213
redis端口:10070
[ 2018-10-02 17:48:02,256 ][ INFO ] modbus端口:502
[ 2018-10-02 17:48:02,256 ][ INFO ] 设备:4F机柜,地址2。有408条规则,MODBUS地址HOLDING_REGISTERS长度3063,MODBUS地址COILS长度2298
[ 2018-10-02 17:48:02,272 ][ INFO ] 设备:5F机柜,地址3。有128条规则,MODBUS地址HOLDING_REGISTERS长度3319,MODBUS地址COILS长度2490
[ 2018-10-02 17:48:02,334 ][ INFO ] 设备:3F机柜,地址1。有1124条规则,MODBUS地址HOLDING_REGISTERS长度2247,MODBUS地址COILS长度1686
[ 2018-10-02 17:48:02,334 ][ INFO ] 总共需要获取1660个测点
[ 2018-10-02 17:48:02,334 ][ INFO ] 导入配置文件成功
[ 2018-10-02 17:48:02,334 ][ INFO ] 初始化modbus服务器
[ 2018-10-02 17:48:02,334 ][ INFO ] 创建4F机柜地址2的数据块
[ 2018-10-02 17:48:02,334 ][ INFO ] 创建5F机柜地址3的数据块
[ 2018-10-02 17:48:02,334 ][ INFO ] 创建3F机柜地址1的数据块
[ 2018-10-02 17:48:02,334 ][ INFO ] 完成modbus服务器初始化
[ 2018-10-02 17:48:02,334 ][ INFO ] 开始初始化redis
[ 2018-10-02 17:48:02,334 ][ INFO ] 初始化redis成功
[ 2018-10-02 17:48:02,334 ][ INFO ] 创建redis采集线程
[ 2018-10-02 17:48:02,350 ][ INFO ] 创建modbus服务线程
[ 2018-10-02 17:48:02,350 ][ INFO ] 创建modbus设备4F机柜刷新线程
[ 2018-10-02 17:48:02,350 ][ INFO ] 创建modbus设备5F机柜刷新线程
[ 2018-10-02 17:48:02,350 ][ INFO ] 创建modbus设备3F机柜刷新线程
[ 2018-10-02 17:48:03,613 ][ INFO ] 获取redis耗时1.2627522945404053
[ 2018-10-02 17:48:04,539 ][ INFO ] 4F机柜slave写入modbus点表耗时0.1562962532043457
[ 2018-10-02 17:48:04,571 ][ INFO ] 5F机柜slave写入modbus点表耗时0.06250500679016113
[ 2018-10-02 17:48:04,618 ][ INFO ] 3F机柜slave写入modbus点表耗时0.24966025352478027
[ 2018-10-02 17:48:09,931 ][ INFO ] 获取redis耗时1.2980523109436035
[ 2018-10-02 17:48:14,634 ][ INFO ] 5F机柜slave写入modbus点表耗时0.031210660934448242
[ 2018-10-02 17:48:14,743 ][ INFO ] 4F机柜slave写入modbus点表耗时0.1714794635772705
[ 2018-10-02 17:48:14,837 ][ INFO ] 3F机柜slave写入modbus点表耗时0.18755555152893066
[ 2018-10-02 17:48:16,103 ][ INFO ] 获取redis耗时1.1562740802764893
[ 2018-10-02 17:48:22,041 ][ INFO ] 获取redis耗时0.922818660736084
[ 2018-10-02 17:48:24,697 ][ INFO ] 5F机柜slave写入modbus点表耗时0.04647040367126465
[ 2018-10-02 17:48:24,838 ][ INFO ] 4F机柜slave写入modbus点表耗时0.07772469520568848
[ 2018-10-02 17:48:24,998 ][ INFO ] 3F机柜slave写入modbus点表耗时0.14416003227233887
[ 2018-10-02 17:48:27,993 ][ INFO ] 获取redis耗时0.9372358322143555
[ 2018-10-02 17:48:33,945 ][ INFO ] 获取redis耗时0.9377777576446533
[ 2018-10-02 17:48:34,759 ][ INFO ] 5F机柜slave写入modbus点表耗时0.04650306701660156
[ 2018-10-02 17:48:34,930 ][ INFO ] 4F机柜slave写入modbus点表耗时0.0619502067565918
[ 2018-10-02 17:48:35,194 ][ INFO ] 3F机柜slave写入modbus点表耗时0.18587565422058105
[ 2018-10-02 17:48:39,900 ][ INFO ] 获取redis耗时0.9372348785400391
[ 2018-10-02 17:48:44,828 ][ INFO ] 5F机柜slave写入modbus点表耗时0.04647350311279297
[ 2018-10-02 17:48:45,031 ][ INFO ] 4F机柜slave写入modbus点表耗时0.062496185302734375
[ 2018-10-02 17:48:45,406 ][ INFO ] 3F机柜slave写入modbus点表耗时0.18732118606567383
[ 2018-10-02 17:48:45,874 ][ INFO ] 获取redis耗时0.952908992767334
[ 2018-10-02 17:48:52,149 ][ INFO ] 获取redis耗时1.249744176864624
[ 2018-10-02 17:48:54,885 ][ INFO ] 5F机柜slave写入modbus点表耗时0.04647469520568848
[ 2018-10-02 17:48:55,173 ][ INFO ] 4F机柜slave写入modbus点表耗时0.10761666297912598
[ 2018-10-02 17:48:55,619 ][ INFO ] 3F机柜slave写入modbus点表耗时0.18711090087890625
[ 2018-10-02 17:48:58,130 ][ INFO ] 获取redis耗时0.9621717929840088
[ 2018-10-02 17:49:04,090 ][ INFO ] 获取redis耗时0.9372861385345459
[ 2018-10-02 17:49:04,961 ][ INFO ] 5F机柜slave写入modbus点表耗时0.04658031463623047
[ 2018-10-02 17:49:05,259 ][ INFO ] 4F机柜slave写入modbus点表耗时0.0777585506439209
[ 2018-10-02 17:49:05,837 ][ INFO ] 3F机柜slave写入modbus点表耗时0.20273876190185547
