[ 2018-09-28 17:30:08,099 ][ INFO ] 开始导入配置文件----------------------------------------------------------------------------------------------------
[ 2018-09-28 17:30:09,100 ][ INFO ] 导入配置文件成功,总共获取6条规则，modbus点位长度9,需要从共        济平台获取4个测点
[ 2018-09-28 17:30:09,100 ][ INFO ] 初始化modbus服务器____________________________________________________________________________________________________
[ 2018-09-28 17:30:09,100 ][ INFO ] 开始初始化redis----------------------------------------------------------------------------------------------------
[ 2018-09-28 17:30:11,114 ][ INFO ] 添加连接共济平台线程
[ 2018-09-28 17:30:11,114 ][ INFO ] 添加modbus服务线程
[ 2018-09-28 17:30:11,114 ][ INFO ] 添加脚本运行线程
[ 2018-09-28 17:30:12,290 ][ DEBUG ] S12E43A56没有获取到数据
[ 2018-09-28 17:30:12,306 ][ DEBUG ] S12E44A56没有获取到数据
[ 2018-09-28 17:30:12,306 ][ INFO ] {'S12E41A56': 0.2600000000093132, 'S12E42A56': 0.2590000000782311, 'S12E43A56': 0, 'S12E44A56': 0}
[ 2018-09-28 17:30:12,306 ][ INFO ] 获取redis耗时1.1910576820373535
[ 2018-09-28 17:30:12,306 ][ INFO ] 写入modbus点表耗时0.0
[ 2018-09-28 17:30:16,318 ][ INFO ] 写入modbus点表耗时0.0
[ 2018-09-28 17:30:17,894 ][ DEBUG ] S12E43A56没有获取到数据
[ 2018-09-28 17:30:17,894 ][ DEBUG ] S12E44A56没有获取到数据
[ 2018-09-28 17:30:17,894 ][ INFO ] {'S12E41A56': 0.2600000000093132, 'S12E42A56': 0.2590000000782311, 'S12E43A56': 0, 'S12E44A56': 0}
[ 2018-09-28 17:30:17,894 ][ INFO ] 获取redis耗时0.5766921043395996
[ 2018-09-28 17:30:20,333 ][ INFO ] 写入modbus点表耗时0.0
[ 2018-09-28 17:38:53,161 ][ INFO ] 开始导入配置文件----------------------------------------------------------------------------------------------------
[ 2018-09-28 17:38:54,175 ][ INFO ] 导入配置文件成功,总共获取6条规则，modbus点位长度9,需要从共        济平台获取4个测点
[ 2018-09-28 17:38:54,176 ][ INFO ] 初始化modbus服务器____________________________________________________________________________________________________
[ 2018-09-28 17:38:54,176 ][ INFO ] 开始初始化redis----------------------------------------------------------------------------------------------------
[ 2018-09-28 17:38:56,192 ][ INFO ] 添加连接共济平台线程
[ 2018-09-28 17:38:56,192 ][ INFO ] 添加modbus服务线程
[ 2018-09-28 17:38:56,192 ][ INFO ] 添加脚本运行线程
[ 2018-09-28 17:38:56,957 ][ DEBUG ] S12E43A56没有获取到数据
[ 2018-09-28 17:38:56,988 ][ DEBUG ] S12E44A56没有获取到数据
[ 2018-09-28 17:38:57,019 ][ INFO ] {'S12E44A56': 0, 'S12E43A56': 0, 'S12E42A56': 0.2590000000782311, 'S12E41A56': 0.2590000000782311}
[ 2018-09-28 17:38:57,066 ][ INFO ] 获取redis耗时0.8738174438476562
[ 2018-09-28 17:38:57,066 ][ INFO ] 写入modbus点表耗时0.0
[ 2018-09-28 17:39:01,074 ][ INFO ] 写入modbus点表耗时0.0005021095275878906
[ 2018-09-28 17:39:16,990 ][ INFO ] 开始导入配置文件----------------------------------------------------------------------------------------------------
[ 2018-09-28 17:39:18,019 ][ INFO ] 导入配置文件成功,总共获取6条规则，modbus点位长度9,需要从共        济平台获取4个测点
[ 2018-09-28 17:39:18,019 ][ INFO ] 初始化modbus服务器____________________________________________________________________________________________________
[ 2018-09-28 17:39:18,019 ][ INFO ] 开始初始化redis----------------------------------------------------------------------------------------------------
[ 2018-09-28 17:39:20,021 ][ INFO ] 添加连接共济平台线程
[ 2018-09-28 17:39:20,021 ][ INFO ] 添加modbus服务线程
[ 2018-09-28 17:39:20,021 ][ INFO ] 添加脚本运行线程
[ 2018-09-28 17:39:21,280 ][ DEBUG ] S12E43A56没有获取到数据
[ 2018-09-28 17:39:21,343 ][ DEBUG ] S12E44A56没有获取到数据
[ 2018-09-28 17:39:21,374 ][ INFO ] {'S12E44A56': 0, 'S12E41A56': 0.2610000000568107, 'S12E42A56': 0.2590000000782311, 'S12E43A56': 0}
[ 2018-09-28 17:39:21,421 ][ INFO ] 获取redis耗时1.400176763534546
[ 2018-09-28 17:39:21,421 ][ INFO ] 写入modbus点表耗时0.0
[ 2018-09-28 17:46:24,178 ][ INFO ] 开始导入配置文件----------------------------------------------------------------------------------------------------
[ 2018-09-28 17:46:25,194 ][ INFO ] 导入配置文件成功,总共获取6条规则，modbus点位长度9,需要从共        济平台获取4个测点
[ 2018-09-28 17:46:25,194 ][ INFO ] 初始化modbus服务器____________________________________________________________________________________________________
[ 2018-09-28 17:46:25,194 ][ INFO ] 开始初始化redis----------------------------------------------------------------------------------------------------
[ 2018-09-28 17:46:27,195 ][ INFO ] 添加连接共济平台线程
[ 2018-09-28 17:46:27,195 ][ INFO ] 添加modbus服务线程
[ 2018-09-28 17:46:27,195 ][ INFO ] 添加脚本运行线程
[ 2018-09-28 17:46:28,189 ][ DEBUG ] S12E43A56没有获取到数据
[ 2018-09-28 17:46:28,189 ][ DEBUG ] S12E44A56没有获取到数据
[ 2018-09-28 17:46:28,204 ][ INFO ] {'S12E44A56': 0, 'S12E43A56': 0, 'S12E41A56': 0.2590000000782311, 'S12E42A56': 0.2590000000782311}
[ 2018-09-28 17:46:28,251 ][ INFO ] 获取redis耗时1.055659294128418
[ 2018-09-28 17:46:28,251 ][ INFO ] 写入modbus点表耗时0.0
[ 2018-09-28 17:47:13,421 ][ INFO ] 开始导入配置文件----------------------------------------------------------------------------------------------------
[ 2018-09-28 17:47:14,443 ][ INFO ] 导入配置文件成功,总共获取6条规则，modbus点位长度9,需要从共        济平台获取4个测点
[ 2018-09-28 17:47:14,443 ][ INFO ] 初始化modbus服务器____________________________________________________________________________________________________
[ 2018-09-28 17:47:14,443 ][ INFO ] 开始初始化redis----------------------------------------------------------------------------------------------------
[ 2018-09-28 17:47:16,452 ][ INFO ] 添加连接共济平台线程
[ 2018-09-28 17:47:16,452 ][ INFO ] 添加modbus服务线程
[ 2018-09-28 17:47:16,452 ][ INFO ] 添加脚本运行线程
[ 2018-09-28 17:47:17,380 ][ DEBUG ] S12E43A56没有获取到数据
[ 2018-09-28 17:47:17,412 ][ DEBUG ] S12E44A56没有获取到数据
[ 2018-09-28 17:47:17,412 ][ INFO ] {'S12E43A56': 0, 'S12E44A56': 0, 'S12E42A56': 0.2590000000782311, 'S12E41A56': 0.2590000000782311}
[ 2018-09-28 17:47:17,474 ][ INFO ] 获取redis耗时1.0219848155975342
[ 2018-09-28 17:47:17,474 ][ INFO ] 写入modbus点表耗时0.0
[ 2018-09-28 17:47:21,488 ][ INFO ] 写入modbus点表耗时0.0
[ 2018-09-28 17:47:22,867 ][ DEBUG ] S12E43A56没有获取到数据
[ 2018-09-28 17:47:22,867 ][ DEBUG ] S12E44A56没有获取到数据
[ 2018-09-28 17:47:22,867 ][ INFO ] {'S12E43A56': 0, 'S12E44A56': 0, 'S12E42A56': 0.2590000000782311, 'S12E41A56': 0.2590000000782311}
[ 2018-09-28 17:47:22,867 ][ INFO ] 获取redis耗时0.3798673152923584
[ 2018-09-28 17:47:25,504 ][ INFO ] 写入modbus点表耗时0.0
[ 2018-09-28 17:47:28,450 ][ DEBUG ] S12E43A56没有获取到数据
[ 2018-09-28 17:47:28,450 ][ DEBUG ] S12E44A56没有获取到数据
[ 2018-09-28 17:47:28,450 ][ INFO ] {'S12E43A56': 0, 'S12E44A56': 0, 'S12E42A56': 0.2590000000782311, 'S12E41A56': 0.2590000000782311}
[ 2018-09-28 17:47:28,450 ][ INFO ] 获取redis耗时0.5625941753387451
[ 2018-09-28 17:47:29,505 ][ INFO ] 写入modbus点表耗时0.0
[ 2018-09-28 17:47:33,519 ][ INFO ] 写入modbus点表耗时0.0
[ 2018-09-28 17:47:33,877 ][ DEBUG ] S12E43A56没有获取到数据
[ 2018-09-28 17:47:33,877 ][ DEBUG ] S12E44A56没有获取到数据
[ 2018-09-28 17:47:33,877 ][ INFO ] {'S12E43A56': 0, 'S12E44A56': 0, 'S12E42A56': 0.2590000000782311, 'S12E41A56': 0.2590000000782311}
[ 2018-09-28 17:47:33,877 ][ INFO ] 获取redis耗时0.42016124725341797
[ 2018-09-28 17:47:37,524 ][ INFO ] 写入modbus点表耗时0.0
[ 2018-09-28 17:47:39,302 ][ DEBUG ] S12E43A56没有获取到数据
[ 2018-09-28 17:47:39,302 ][ DEBUG ] S12E44A56没有获取到数据
[ 2018-09-28 17:47:39,302 ][ INFO ] {'S12E43A56': 0, 'S12E44A56': 0, 'S12E42A56': 0.2590000000782311, 'S12E41A56': 0.2590000000782311}
[ 2018-09-28 17:47:39,302 ][ INFO ] 获取redis耗时0.4219207763671875
[ 2018-09-28 17:47:41,536 ][ INFO ] 写入modbus点表耗时0.0
[ 2018-09-28 17:47:44,894 ][ DEBUG ] S12E43A56没有获取到数据
[ 2018-09-28 17:47:44,894 ][ DEBUG ] S12E44A56没有获取到数据
[ 2018-09-28 17:47:44,894 ][ INFO ] {'S12E43A56': 0, 'S12E44A56': 0, 'S12E42A56': 0.2590000000782311, 'S12E41A56': 0.2590000000782311}
[ 2018-09-28 17:47:44,909 ][ INFO ] 获取redis耗时0.5918178558349609
[ 2018-09-28 17:47:45,550 ][ INFO ] 写入modbus点表耗时0.0
[ 2018-09-28 17:47:49,554 ][ INFO ] 写入modbus点表耗时0.0
[ 2018-09-28 17:47:50,302 ][ DEBUG ] S12E43A56没有获取到数据
[ 2018-09-28 17:47:50,302 ][ DEBUG ] S12E44A56没有获取到数据
[ 2018-09-28 17:47:50,302 ][ INFO ] {'S12E43A56': 0, 'S12E44A56': 0, 'S12E42A56': 0.2590000000782311, 'S12E41A56': 0.2590000000782311}
[ 2018-09-28 17:47:50,302 ][ INFO ] 获取redis耗时0.37503767013549805
[ 2018-09-28 17:47:53,555 ][ INFO ] 写入modbus点表耗时0.0
[ 2018-09-28 17:47:55,749 ][ DEBUG ] S12E43A56没有获取到数据
[ 2018-09-28 17:47:55,749 ][ DEBUG ] S12E44A56没有获取到数据
[ 2018-09-28 17:47:55,749 ][ INFO ] {'S12E43A56': 0, 'S12E44A56': 0, 'S12E42A56': 0.2590000000782311, 'S12E41A56': 0.2590000000782311}
[ 2018-09-28 17:47:55,749 ][ INFO ] 获取redis耗时0.4225044250488281
[ 2018-09-28 17:47:57,567 ][ INFO ] 写入modbus点表耗时0.0
[ 2018-09-28 17:48:01,222 ][ DEBUG ] S12E43A56没有获取到数据
[ 2018-09-28 17:48:01,222 ][ DEBUG ] S12E44A56没有获取到数据
[ 2018-09-28 17:48:01,222 ][ INFO ] {'S12E43A56': 0, 'S12E44A56': 0, 'S12E42A56': 0.2590000000782311, 'S12E41A56': 0.2590000000782311}
[ 2018-09-28 17:48:01,222 ][ INFO ] 获取redis耗时0.4531693458557129
[ 2018-09-28 17:56:45,584 ][ INFO ] 开始导入配置文件----------------------------------------------------------------------------------------------------
[ 2018-09-28 17:56:46,606 ][ INFO ] 导入配置文件成功,总共获取6条规则，modbus点位长度9,需要从共        济平台获取4个测点
[ 2018-09-28 17:56:46,606 ][ INFO ] 初始化modbus服务器____________________________________________________________________________________________________
[ 2018-09-28 17:56:46,606 ][ INFO ] 开始初始化redis----------------------------------------------------------------------------------------------------
[ 2018-09-28 17:56:48,614 ][ INFO ] 添加连接共济平台线程
[ 2018-09-28 17:56:48,615 ][ INFO ] 添加modbus服务线程
[ 2018-09-28 17:56:48,616 ][ INFO ] 添加脚本运行线程
[ 2018-09-28 17:56:49,498 ][ DEBUG ] S12E43A56没有获取到数据
[ 2018-09-28 17:56:49,498 ][ DEBUG ] S12E44A56没有获取到数据
[ 2018-09-28 17:56:49,498 ][ INFO ] {'S12E41A56': 0.2590000000782311, 'S12E42A56': 0.2590000000782311, 'S12E43A56': 0, 'S12E44A56': 0}
[ 2018-09-28 17:56:49,498 ][ INFO ] 获取redis耗时0.8808536529541016
[ 2018-09-28 17:56:49,498 ][ INFO ] 写入modbus点表耗时0.0
[ 2018-09-28 18:10:15,598 ][ INFO ] 开始导入配置文件----------------------------------------------------------------------------------------------------
[ 2018-09-28 18:10:16,626 ][ INFO ] 导入配置文件成功,总共获取6条规则，modbus点位长度9,需要从共        济平台获取4个测点
[ 2018-09-28 18:10:16,626 ][ INFO ] 初始化modbus服务器____________________________________________________________________________________________________
[ 2018-09-28 18:10:16,626 ][ INFO ] 开始初始化redis----------------------------------------------------------------------------------------------------
[ 2018-09-28 18:10:18,627 ][ INFO ] 添加连接共济平台线程
[ 2018-09-28 18:10:18,627 ][ INFO ] 添加modbus服务线程
[ 2018-09-28 18:10:18,627 ][ INFO ] 添加脚本运行线程
[ 2018-09-28 18:10:18,643 ][ INFO ] 连接redis失败，等待redis连接成功，暂停modbus数据刷新
[ 2018-09-28 18:10:19,268 ][ DEBUG ] S12E43A56没有获取到数据
[ 2018-09-28 18:10:19,268 ][ DEBUG ] S12E44A56没有获取到数据
[ 2018-09-28 18:10:19,268 ][ INFO ] {'S12E42A56': 0.2590000000782311, 'S12E44A56': 0, 'S12E43A56': 0, 'S12E41A56': 0.2590000000782311}
[ 2018-09-28 18:10:19,268 ][ INFO ] 获取redis耗时0.6406881809234619
[ 2018-09-28 18:10:24,698 ][ DEBUG ] S12E43A56没有获取到数据
[ 2018-09-28 18:10:24,698 ][ DEBUG ] S12E44A56没有获取到数据
[ 2018-09-28 18:10:24,698 ][ INFO ] {'S12E42A56': 0.2590000000782311, 'S12E44A56': 0, 'S12E43A56': 0, 'S12E41A56': 0.2590000000782311}
[ 2018-09-28 18:10:24,698 ][ INFO ] 获取redis耗时0.4162001609802246
