[ 2018-09-28 18:10:40,796 ][ INFO ] 开始导入配置文件----------------------------------------------------------------------------------------------------
[ 2018-09-28 18:10:41,814 ][ INFO ] 导入配置文件成功,总共获取6条规则，modbus点位长度9,需要从共        济平台获取4个测点
[ 2018-09-28 18:10:41,815 ][ INFO ] 初始化modbus服务器____________________________________________________________________________________________________
[ 2018-09-28 18:10:41,817 ][ INFO ] 开始初始化redis----------------------------------------------------------------------------------------------------
[ 2018-09-28 18:10:43,830 ][ INFO ] 添加连接共济平台线程
[ 2018-09-28 18:10:43,830 ][ INFO ] 添加modbus服务线程
[ 2018-09-28 18:10:43,830 ][ INFO ] 添加脚本运行线程
[ 2018-09-28 18:10:43,830 ][ INFO ] 连接redis失败，等待redis连接成功，暂停modbus数据刷新
[ 2018-09-28 18:10:44,565 ][ DEBUG ] S12E43A56没有获取到数据
[ 2018-09-28 18:10:44,565 ][ DEBUG ] S12E44A56没有获取到数据
[ 2018-09-28 18:10:44,565 ][ INFO ] {'S12E41A56': 0.2590000000782311, 'S12E43A56': 0, 'S12E44A56': 0, 'S12E42A56': 0.2590000000782311}
[ 2018-09-28 18:10:44,565 ][ INFO ] 获取redis耗时0.7356569766998291
[ 2018-09-28 18:10:49,974 ][ DEBUG ] S12E43A56没有获取到数据
[ 2018-09-28 18:10:49,974 ][ DEBUG ] S12E44A56没有获取到数据
[ 2018-09-28 18:10:49,974 ][ INFO ] {'S12E41A56': 0.2590000000782311, 'S12E43A56': 0, 'S12E44A56': 0, 'S12E42A56': 0.25800000003073364}
[ 2018-09-28 18:10:49,974 ][ INFO ] 获取redis耗时0.39997029304504395
[ 2018-09-28 18:11:17,849 ][ INFO ] 写入modbus点表耗时0.0
[ 2018-09-28 18:11:21,853 ][ INFO ] 写入modbus点表耗时0.0
[ 2018-09-28 18:11:25,865 ][ INFO ] 写入modbus点表耗时0.0
[ 2018-09-28 18:11:29,897 ][ INFO ] 写入modbus点表耗时0.015358686447143555
[ 2018-09-28 18:11:33,906 ][ INFO ] 写入modbus点表耗时0.0
[ 2018-09-28 18:11:37,910 ][ INFO ] 写入modbus点表耗时0.0
[ 2018-09-28 18:11:39,583 ][ INFO ] 连接redis失败,1分钟后重试
[ 2018-09-28 18:11:39,583 ][ INFO ] Error 10065 connecting to 107.151.172.213:10070. 套接字操作尝试一个无法连接的主机。.
[ 2018-09-28 18:11:41,927 ][ INFO ] 连接redis失败，等待redis连接成功，暂停modbus数据刷新
[ 2018-09-28 18:12:15,940 ][ INFO ] 连接redis失败，等待redis连接成功，暂停modbus数据刷新
[ 2018-09-28 18:12:40,322 ][ DEBUG ] S12E43A56没有获取到数据
[ 2018-09-28 18:12:40,323 ][ DEBUG ] S12E44A56没有获取到数据
[ 2018-09-28 18:12:40,323 ][ INFO ] {'S12E41A56': 0.2590000000782311, 'S12E43A56': 0, 'S12E44A56': 0, 'S12E42A56': 0.2590000000782311}
[ 2018-09-28 18:12:40,323 ][ INFO ] 获取redis耗时0.7341043949127197
[ 2018-09-28 18:12:45,766 ][ DEBUG ] S12E43A56没有获取到数据
[ 2018-09-28 18:12:45,766 ][ DEBUG ] S12E44A56没有获取到数据
[ 2018-09-28 18:12:45,766 ][ INFO ] {'S12E41A56': 0.2590000000782311, 'S12E43A56': 0, 'S12E44A56': 0, 'S12E42A56': 0.2590000000782311}
[ 2018-09-28 18:12:45,766 ][ INFO ] 获取redis耗时0.4414527416229248
[ 2018-09-28 18:12:49,958 ][ INFO ] 写入modbus点表耗时0.012538909912109375
[ 2018-09-28 18:12:51,201 ][ DEBUG ] S12E43A56没有获取到数据
[ 2018-09-28 18:12:51,201 ][ DEBUG ] S12E44A56没有获取到数据
[ 2018-09-28 18:12:51,202 ][ INFO ] {'S12E41A56': 0.2590000000782311, 'S12E43A56': 0, 'S12E44A56': 0, 'S12E42A56': 0.2590000000782311}
[ 2018-09-28 18:12:51,202 ][ INFO ] 获取redis耗时0.4347493648529053
[ 2018-09-28 18:12:53,969 ][ INFO ] 写入modbus点表耗时0.008028030395507812
[ 2018-09-28 18:12:56,649 ][ DEBUG ] S12E43A56没有获取到数据
[ 2018-09-28 18:12:56,650 ][ DEBUG ] S12E44A56没有获取到数据
[ 2018-09-28 18:12:56,650 ][ INFO ] {'S12E41A56': 0.2590000000782311, 'S12E43A56': 0, 'S12E44A56': 0, 'S12E42A56': 0.2590000000782311}
[ 2018-09-28 18:12:56,650 ][ INFO ] 获取redis耗时0.4471466541290283
[ 2018-09-28 18:12:57,974 ][ INFO ] 写入modbus点表耗时0.003009796142578125
[ 2018-09-28 18:13:01,978 ][ INFO ] 写入modbus点表耗时0.002003192901611328
[ 2018-09-28 18:13:02,081 ][ DEBUG ] S12E43A56没有获取到数据
[ 2018-09-28 18:13:02,081 ][ DEBUG ] S12E44A56没有获取到数据
[ 2018-09-28 18:13:02,081 ][ INFO ] {'S12E41A56': 0.2590000000782311, 'S12E43A56': 0, 'S12E44A56': 0, 'S12E42A56': 0.2590000000782311}
[ 2018-09-28 18:13:02,081 ][ INFO ] 获取redis耗时0.4284646511077881
[ 2018-09-28 18:13:05,980 ][ INFO ] 写入modbus点表耗时0.0007894039154052734
[ 2018-09-28 18:13:07,511 ][ DEBUG ] S12E43A56没有获取到数据
[ 2018-09-28 18:13:07,511 ][ DEBUG ] S12E44A56没有获取到数据
[ 2018-09-28 18:13:07,512 ][ INFO ] {'S12E41A56': 0.2590000000782311, 'S12E43A56': 0, 'S12E44A56': 0, 'S12E42A56': 0.2590000000782311}
[ 2018-09-28 18:13:07,512 ][ INFO ] 获取redis耗时0.4300649166107178
[ 2018-09-28 18:13:09,984 ][ INFO ] 写入modbus点表耗时0.0020036697387695312
[ 2018-09-28 18:13:12,998 ][ DEBUG ] S12E43A56没有获取到数据
[ 2018-09-28 18:13:12,999 ][ DEBUG ] S12E44A56没有获取到数据
[ 2018-09-28 18:13:12,999 ][ INFO ] {'S12E41A56': 0.2590000000782311, 'S12E43A56': 0, 'S12E44A56': 0, 'S12E42A56': 0.2590000000782311}
[ 2018-09-28 18:13:12,999 ][ INFO ] 获取redis耗时0.48473238945007324
[ 2018-09-28 18:13:13,985 ][ INFO ] 写入modbus点表耗时0.0
[ 2018-09-28 18:13:17,993 ][ INFO ] 写入modbus点表耗时0.0
[ 2018-09-28 18:13:18,393 ][ DEBUG ] S12E43A56没有获取到数据
[ 2018-09-28 18:13:18,393 ][ DEBUG ] S12E44A56没有获取到数据
[ 2018-09-28 18:13:18,393 ][ INFO ] {'S12E41A56': 0.2590000000782311, 'S12E43A56': 0, 'S12E44A56': 0, 'S12E42A56': 0.2590000000782311}
[ 2018-09-28 18:13:18,393 ][ INFO ] 获取redis耗时0.383908748626709
[ 2018-09-28 18:13:22,005 ][ INFO ] 写入modbus点表耗时0.0
[ 2018-09-28 18:13:23,834 ][ DEBUG ] S12E43A56没有获取到数据
[ 2018-09-28 18:13:23,834 ][ DEBUG ] S12E44A56没有获取到数据
[ 2018-09-28 18:13:23,834 ][ INFO ] {'S12E41A56': 0.2590000000782311, 'S12E43A56': 0, 'S12E44A56': 0, 'S12E42A56': 0.2590000000782311}
[ 2018-09-28 18:13:23,834 ][ INFO ] 获取redis耗时0.438098669052124
[ 2018-09-28 18:13:26,022 ][ INFO ] 写入modbus点表耗时0.0
[ 2018-09-28 18:13:29,272 ][ DEBUG ] S12E43A56没有获取到数据
[ 2018-09-28 18:13:29,272 ][ DEBUG ] S12E44A56没有获取到数据
[ 2018-09-28 18:13:29,272 ][ INFO ] {'S12E41A56': 0.2590000000782311, 'S12E43A56': 0, 'S12E44A56': 0, 'S12E42A56': 0.2590000000782311}
[ 2018-09-28 18:13:29,272 ][ INFO ] 获取redis耗时0.4170548915863037
[ 2018-09-28 18:13:30,038 ][ INFO ] 写入modbus点表耗时0.0
[ 2018-09-28 18:13:34,049 ][ INFO ] 写入modbus点表耗时0.0
[ 2018-09-28 18:13:34,723 ][ DEBUG ] S12E43A56没有获取到数据
[ 2018-09-28 18:13:34,723 ][ DEBUG ] S12E44A56没有获取到数据
[ 2018-09-28 18:13:34,723 ][ INFO ] {'S12E41A56': 0.2590000000782311, 'S12E43A56': 0, 'S12E44A56': 0, 'S12E42A56': 0.2590000000782311}
[ 2018-09-28 18:13:34,723 ][ INFO ] 获取redis耗时0.42339015007019043
[ 2018-09-28 18:13:38,067 ][ INFO ] 写入modbus点表耗时0.0
[ 2018-09-28 18:13:40,163 ][ DEBUG ] S12E43A56没有获取到数据
[ 2018-09-28 18:13:40,163 ][ DEBUG ] S12E44A56没有获取到数据
[ 2018-09-28 18:13:40,163 ][ INFO ] {'S12E41A56': 0.2590000000782311, 'S12E43A56': 0, 'S12E44A56': 0, 'S12E42A56': 0.2590000000782311}
[ 2018-09-28 18:13:40,163 ][ INFO ] 获取redis耗时0.42197632789611816
[ 2018-09-28 18:13:42,073 ][ INFO ] 写入modbus点表耗时0.0
[ 2018-09-28 18:13:45,599 ][ DEBUG ] S12E43A56没有获取到数据
[ 2018-09-28 18:13:45,599 ][ DEBUG ] S12E44A56没有获取到数据
[ 2018-09-28 18:13:45,599 ][ INFO ] {'S12E41A56': 0.2590000000782311, 'S12E43A56': 0, 'S12E44A56': 0, 'S12E42A56': 0.2590000000782311}
[ 2018-09-28 18:13:45,599 ][ INFO ] 获取redis耗时0.42191481590270996
[ 2018-09-28 18:13:46,080 ][ INFO ] 写入modbus点表耗时0.0
[ 2018-09-28 18:13:50,084 ][ INFO ] 写入modbus点表耗时0.0
[ 2018-09-28 18:13:51,006 ][ DEBUG ] S12E43A56没有获取到数据
[ 2018-09-28 18:13:51,006 ][ DEBUG ] S12E44A56没有获取到数据
[ 2018-09-28 18:13:51,006 ][ INFO ] {'S12E41A56': 0.2590000000782311, 'S12E43A56': 0, 'S12E44A56': 0, 'S12E42A56': 0.2590000000782311}
[ 2018-09-28 18:13:51,006 ][ INFO ] 获取redis耗时0.3908350467681885
[ 2018-09-28 18:13:54,100 ][ INFO ] 写入modbus点表耗时0.0
[ 2018-09-28 18:13:57,128 ][ DEBUG ] S12E43A56没有获取到数据
[ 2018-09-28 18:13:57,128 ][ DEBUG ] S12E44A56没有获取到数据
[ 2018-09-28 18:13:57,128 ][ INFO ] {'S12E41A56': 0.2610000000568107, 'S12E43A56': 0, 'S12E44A56': 0, 'S12E42A56': 0.2590000000782311}
[ 2018-09-28 18:13:57,128 ][ INFO ] 获取redis耗时1.1070995330810547
[ 2018-09-28 18:13:58,105 ][ INFO ] 写入modbus点表耗时0.0
[ 2018-09-28 18:14:02,115 ][ INFO ] 写入modbus点表耗时0.0
[ 2018-09-28 18:14:02,617 ][ DEBUG ] S12E43A56没有获取到数据
[ 2018-09-28 18:14:02,617 ][ DEBUG ] S12E44A56没有获取到数据
[ 2018-09-28 18:14:02,617 ][ INFO ] {'S12E41A56': 0.2610000000568107, 'S12E43A56': 0, 'S12E44A56': 0, 'S12E42A56': 0.2590000000782311}
[ 2018-09-28 18:14:02,617 ][ INFO ] 获取redis耗时0.4759657382965088
[ 2018-09-28 18:14:06,131 ][ INFO ] 写入modbus点表耗时0.0
[ 2018-09-28 18:14:08,068 ][ DEBUG ] S12E43A56没有获取到数据
[ 2018-09-28 18:14:08,068 ][ DEBUG ] S12E44A56没有获取到数据
[ 2018-09-28 18:14:08,068 ][ INFO ] {'S12E41A56': 0.2590000000782311, 'S12E43A56': 0, 'S12E44A56': 0, 'S12E42A56': 0.2590000000782311}
[ 2018-09-28 18:14:08,068 ][ INFO ] 获取redis耗时0.4482440948486328
[ 2018-09-28 18:14:10,135 ][ INFO ] 写入modbus点表耗时0.0
[ 2018-09-28 18:14:13,514 ][ DEBUG ] S12E43A56没有获取到数据
[ 2018-09-28 18:14:13,515 ][ DEBUG ] S12E44A56没有获取到数据
[ 2018-09-28 18:14:13,516 ][ INFO ] {'S12E41A56': 0.2590000000782311, 'S12E43A56': 0, 'S12E44A56': 0, 'S12E42A56': 0.2590000000782311}
[ 2018-09-28 18:14:13,517 ][ INFO ] 获取redis耗时0.43643927574157715
[ 2018-09-28 18:14:14,144 ][ INFO ] 写入modbus点表耗时0.0
[ 2018-09-28 18:14:18,147 ][ INFO ] 写入modbus点表耗时0.0
[ 2018-09-28 18:14:18,944 ][ DEBUG ] S12E43A56没有获取到数据
[ 2018-09-28 18:14:18,944 ][ DEBUG ] S12E44A56没有获取到数据
[ 2018-09-28 18:14:18,944 ][ INFO ] {'S12E41A56': 0.2590000000782311, 'S12E43A56': 0, 'S12E44A56': 0, 'S12E42A56': 0.2590000000782311}
[ 2018-09-28 18:14:18,944 ][ INFO ] 获取redis耗时0.4215819835662842
[ 2018-09-28 18:14:22,150 ][ INFO ] 写入modbus点表耗时0.0
[ 2018-09-28 18:14:24,348 ][ DEBUG ] S12E43A56没有获取到数据
[ 2018-09-28 18:14:24,348 ][ DEBUG ] S12E44A56没有获取到数据
[ 2018-09-28 18:14:24,348 ][ INFO ] {'S12E41A56': 0.2590000000782311, 'S12E43A56': 0, 'S12E44A56': 0, 'S12E42A56': 0.2590000000782311}
[ 2018-09-28 18:14:24,348 ][ INFO ] 获取redis耗时0.39037346839904785
[ 2018-09-28 18:14:26,161 ][ INFO ] 写入modbus点表耗时0.0
[ 2018-09-28 18:14:29,759 ][ DEBUG ] S12E43A56没有获取到数据
[ 2018-09-28 18:14:29,759 ][ DEBUG ] S12E44A56没有获取到数据
[ 2018-09-28 18:14:29,759 ][ INFO ] {'S12E41A56': 0.2590000000782311, 'S12E43A56': 0, 'S12E44A56': 0, 'S12E42A56': 0.2590000000782311}
[ 2018-09-28 18:14:29,759 ][ INFO ] 获取redis耗时0.3929755687713623
[ 2018-09-28 18:14:30,178 ][ INFO ] 写入modbus点表耗时0.0
[ 2018-09-28 18:14:34,185 ][ INFO ] 写入modbus点表耗时0.0
[ 2018-09-28 18:14:35,193 ][ DEBUG ] S12E43A56没有获取到数据
[ 2018-09-28 18:14:35,193 ][ DEBUG ] S12E44A56没有获取到数据
[ 2018-09-28 18:14:35,193 ][ INFO ] {'S12E41A56': 0.2590000000782311, 'S12E43A56': 0, 'S12E44A56': 0, 'S12E42A56': 0.2590000000782311}
[ 2018-09-28 18:14:35,193 ][ INFO ] 获取redis耗时0.4224131107330322
[ 2018-09-28 18:14:38,187 ][ INFO ] 写入modbus点表耗时0.0
[ 2018-09-28 18:14:40,641 ][ DEBUG ] S12E43A56没有获取到数据
[ 2018-09-28 18:14:40,642 ][ DEBUG ] S12E44A56没有获取到数据
[ 2018-09-28 18:14:40,643 ][ INFO ] {'S12E41A56': 0.2590000000782311, 'S12E43A56': 0, 'S12E44A56': 0, 'S12E42A56': 0.2590000000782311}
[ 2018-09-28 18:14:40,643 ][ INFO ] 获取redis耗时0.43660974502563477
[ 2018-09-28 18:14:42,197 ][ INFO ] 写入modbus点表耗时0.0
[ 2018-09-28 18:14:46,072 ][ DEBUG ] S12E43A56没有获取到数据
[ 2018-09-28 18:14:46,072 ][ DEBUG ] S12E44A56没有获取到数据
[ 2018-09-28 18:14:46,072 ][ INFO ] {'S12E41A56': 0.2590000000782311, 'S12E43A56': 0, 'S12E44A56': 0, 'S12E42A56': 0.2590000000782311}
[ 2018-09-28 18:14:46,072 ][ INFO ] 获取redis耗时0.4271855354309082
[ 2018-09-28 18:14:46,213 ][ INFO ] 写入modbus点表耗时0.0
[ 2018-09-28 18:14:50,225 ][ INFO ] 写入modbus点表耗时0.0
[ 2018-09-28 18:14:51,521 ][ DEBUG ] S12E43A56没有获取到数据
[ 2018-09-28 18:14:51,521 ][ DEBUG ] S12E44A56没有获取到数据
[ 2018-09-28 18:14:51,521 ][ INFO ] {'S12E41A56': 0.2590000000782311, 'S12E43A56': 0, 'S12E44A56': 0, 'S12E42A56': 0.2590000000782311}
[ 2018-09-28 18:14:51,521 ][ INFO ] 获取redis耗时0.4221775531768799
[ 2018-09-28 18:14:54,229 ][ INFO ] 写入modbus点表耗时0.0
[ 2018-09-28 18:14:56,960 ][ DEBUG ] S12E43A56没有获取到数据
[ 2018-09-28 18:14:56,960 ][ DEBUG ] S12E44A56没有获取到数据
[ 2018-09-28 18:14:56,960 ][ INFO ] {'S12E41A56': 0.2590000000782311, 'S12E43A56': 0, 'S12E44A56': 0, 'S12E42A56': 0.2590000000782311}
[ 2018-09-28 18:14:56,960 ][ INFO ] 获取redis耗时0.42273664474487305
[ 2018-09-28 18:14:58,241 ][ INFO ] 写入modbus点表耗时0.0
[ 2018-09-28 18:15:02,256 ][ INFO ] 写入modbus点表耗时0.0
[ 2018-09-28 18:15:02,399 ][ DEBUG ] S12E43A56没有获取到数据
[ 2018-09-28 18:15:02,399 ][ DEBUG ] S12E44A56没有获取到数据
[ 2018-09-28 18:15:02,399 ][ INFO ] {'S12E41A56': 0.2590000000782311, 'S12E43A56': 0, 'S12E44A56': 0, 'S12E42A56': 0.2590000000782311}
[ 2018-09-28 18:15:02,399 ][ INFO ] 获取redis耗时0.42415690422058105
[ 2018-09-28 18:15:06,272 ][ INFO ] 写入modbus点表耗时0.0
[ 2018-09-28 18:15:07,834 ][ DEBUG ] S12E43A56没有获取到数据
[ 2018-09-28 18:15:07,834 ][ DEBUG ] S12E44A56没有获取到数据
[ 2018-09-28 18:15:07,834 ][ INFO ] {'S12E41A56': 0.2590000000782311, 'S12E43A56': 0, 'S12E44A56': 0, 'S12E42A56': 0.2590000000782311}
[ 2018-09-28 18:15:07,834 ][ INFO ] 获取redis耗时0.4158647060394287
[ 2018-09-28 18:15:10,277 ][ INFO ] 写入modbus点表耗时0.0
[ 2018-09-28 18:15:13,288 ][ DEBUG ] S12E43A56没有获取到数据
[ 2018-09-28 18:15:13,288 ][ DEBUG ] S12E44A56没有获取到数据
[ 2018-09-28 18:15:13,288 ][ INFO ] {'S12E41A56': 0.2590000000782311, 'S12E43A56': 0, 'S12E44A56': 0, 'S12E42A56': 0.2590000000782311}
[ 2018-09-28 18:15:13,288 ][ INFO ] 获取redis耗时0.4371476173400879
[ 2018-09-28 18:15:14,286 ][ INFO ] 写入modbus点表耗时0.0
[ 2018-09-28 18:15:18,304 ][ INFO ] 写入modbus点表耗时0.0
[ 2018-09-28 18:15:18,724 ][ DEBUG ] S12E43A56没有获取到数据
[ 2018-09-28 18:15:18,724 ][ DEBUG ] S12E44A56没有获取到数据
[ 2018-09-28 18:15:18,724 ][ INFO ] {'S12E41A56': 0.2590000000782311, 'S12E43A56': 0, 'S12E44A56': 0, 'S12E42A56': 0.2590000000782311}
[ 2018-09-28 18:15:18,724 ][ INFO ] 获取redis耗时0.41976356506347656
[ 2018-09-28 18:15:22,319 ][ INFO ] 写入modbus点表耗时0.0
[ 2018-09-28 18:15:24,163 ][ DEBUG ] S12E43A56没有获取到数据
[ 2018-09-28 18:15:24,163 ][ DEBUG ] S12E44A56没有获取到数据
[ 2018-09-28 18:15:24,163 ][ INFO ] {'S12E41A56': 0.2590000000782311, 'S12E43A56': 0, 'S12E44A56': 0, 'S12E42A56': 0.2590000000782311}
[ 2018-09-28 18:15:24,163 ][ INFO ] 获取redis耗时0.4224264621734619
[ 2018-09-28 18:15:26,337 ][ INFO ] 写入modbus点表耗时0.0
[ 2018-09-28 18:15:29,600 ][ DEBUG ] S12E43A56没有获取到数据
[ 2018-09-28 18:15:29,600 ][ DEBUG ] S12E44A56没有获取到数据
[ 2018-09-28 18:15:29,600 ][ INFO ] {'S12E41A56': 0.2590000000782311, 'S12E43A56': 0, 'S12E44A56': 0, 'S12E42A56': 0.2590000000782311}
[ 2018-09-28 18:15:29,600 ][ INFO ] 获取redis耗时0.42189669609069824
[ 2018-09-28 18:15:30,350 ][ INFO ] 写入modbus点表耗时0.0
[ 2018-09-28 18:15:34,365 ][ INFO ] 写入modbus点表耗时0.0
[ 2018-09-28 18:15:35,037 ][ DEBUG ] S12E43A56没有获取到数据
[ 2018-09-28 18:15:35,037 ][ DEBUG ] S12E44A56没有获取到数据
[ 2018-09-28 18:15:35,037 ][ INFO ] {'S12E41A56': 0.2590000000782311, 'S12E43A56': 0, 'S12E44A56': 0, 'S12E42A56': 0.2590000000782311}
[ 2018-09-28 18:15:35,037 ][ INFO ] 获取redis耗时0.42171812057495117
[ 2018-09-28 18:15:38,380 ][ INFO ] 写入modbus点表耗时0.0
[ 2018-09-28 18:15:40,484 ][ DEBUG ] S12E43A56没有获取到数据
[ 2018-09-28 18:15:40,484 ][ DEBUG ] S12E44A56没有获取到数据
[ 2018-09-28 18:15:40,484 ][ INFO ] {'S12E41A56': 0.2590000000782311, 'S12E43A56': 0, 'S12E44A56': 0, 'S12E42A56': 0.2590000000782311}
[ 2018-09-28 18:15:40,484 ][ INFO ] 获取redis耗时0.4222095012664795
[ 2018-09-28 18:15:42,396 ][ INFO ] 写入modbus点表耗时0.0
[ 2018-09-28 18:15:45,912 ][ DEBUG ] S12E43A56没有获取到数据
[ 2018-09-28 18:15:45,912 ][ DEBUG ] S12E44A56没有获取到数据
[ 2018-09-28 18:15:45,912 ][ INFO ] {'S12E41A56': 0.2590000000782311, 'S12E43A56': 0, 'S12E44A56': 0, 'S12E42A56': 0.2590000000782311}
[ 2018-09-28 18:15:45,912 ][ INFO ] 获取redis耗时0.42176032066345215
[ 2018-09-28 18:15:46,412 ][ INFO ] 写入modbus点表耗时0.0
[ 2018-09-28 18:15:50,430 ][ INFO ] 写入modbus点表耗时0.0
[ 2018-09-28 18:15:51,353 ][ DEBUG ] S12E43A56没有获取到数据
[ 2018-09-28 18:15:51,353 ][ DEBUG ] S12E44A56没有获取到数据
[ 2018-09-28 18:15:51,353 ][ INFO ] {'S12E41A56': 0.2590000000782311, 'S12E43A56': 0, 'S12E44A56': 0, 'S12E42A56': 0.2590000000782311}
[ 2018-09-28 18:15:51,353 ][ INFO ] 获取redis耗时0.42191648483276367
[ 2018-09-28 18:15:54,449 ][ INFO ] 写入modbus点表耗时0.0
[ 2018-09-28 18:15:58,457 ][ INFO ] 写入modbus点表耗时0.0
[ 2018-09-28 18:16:02,468 ][ INFO ] 写入modbus点表耗时0.0
[ 2018-09-28 18:16:06,474 ][ INFO ] 写入modbus点表耗时0.0
[ 2018-09-28 18:16:10,488 ][ INFO ] 写入modbus点表耗时0.0
[ 2018-09-28 18:16:14,503 ][ INFO ] 写入modbus点表耗时0.0
[ 2018-09-28 18:16:18,513 ][ INFO ] 写入modbus点表耗时0.0
[ 2018-09-28 18:16:22,518 ][ INFO ] 写入modbus点表耗时0.0
[ 2018-09-28 18:16:26,537 ][ INFO ] 写入modbus点表耗时0.0
[ 2018-09-28 18:16:30,553 ][ INFO ] 写入modbus点表耗时0.0
[ 2018-09-28 18:16:34,563 ][ INFO ] 写入modbus点表耗时0.0
[ 2018-09-28 18:16:38,568 ][ INFO ] 写入modbus点表耗时0.0
[ 2018-09-28 18:16:42,585 ][ INFO ] 写入modbus点表耗时0.0
[ 2018-09-28 18:16:44,599 ][ INFO ] 连接redis失败,1分钟后重试
[ 2018-09-28 18:16:44,599 ][ INFO ] Error 10065 connecting to 107.151.172.213:10070. 套接字操作尝试一个无法连接的主机。.
[ 2018-09-28 18:16:46,594 ][ INFO ] 连接redis失败，等待redis连接成功，暂停modbus数据刷新
[ 2018-09-28 18:17:20,602 ][ INFO ] 连接redis失败，等待redis连接成功，暂停modbus数据刷新
[ 2018-09-28 18:17:44,615 ][ INFO ] 连接redis失败,1分钟后重试
[ 2018-09-28 18:17:44,615 ][ INFO ] Error 10065 connecting to 107.151.172.213:10070. 套接字操作尝试一个无法连接的主机。.
[ 2018-09-28 18:17:54,623 ][ INFO ] 连接redis失败，等待redis连接成功，暂停modbus数据刷新
[ 2018-09-28 18:18:28,627 ][ INFO ] 连接redis失败，等待redis连接成功，暂停modbus数据刷新
[ 2018-09-28 18:18:45,380 ][ DEBUG ] S12E43A56没有获取到数据
[ 2018-09-28 18:18:45,380 ][ DEBUG ] S12E44A56没有获取到数据
[ 2018-09-28 18:18:45,381 ][ INFO ] {'S12E41A56': 0.2600000000093132, 'S12E43A56': 0, 'S12E44A56': 0, 'S12E42A56': 0.2590000000782311}
[ 2018-09-28 18:18:45,382 ][ INFO ] 获取redis耗时0.7643659114837646
[ 2018-09-28 18:18:50,772 ][ DEBUG ] S12E43A56没有获取到数据
[ 2018-09-28 18:18:50,773 ][ DEBUG ] S12E44A56没有获取到数据
[ 2018-09-28 18:18:50,774 ][ INFO ] {'S12E41A56': 0.2600000000093132, 'S12E43A56': 0, 'S12E44A56': 0, 'S12E42A56': 0.2590000000782311}
[ 2018-09-28 18:18:50,774 ][ INFO ] 获取redis耗时0.39107584953308105
[ 2018-09-28 18:18:56,201 ][ DEBUG ] S12E43A56没有获取到数据
[ 2018-09-28 18:18:56,202 ][ DEBUG ] S12E44A56没有获取到数据
[ 2018-09-28 18:18:56,203 ][ INFO ] {'S12E41A56': 0.2600000000093132, 'S12E43A56': 0, 'S12E44A56': 0, 'S12E42A56': 0.2590000000782311}
[ 2018-09-28 18:18:56,203 ][ INFO ] 获取redis耗时0.42757678031921387
[ 2018-09-28 18:19:01,614 ][ DEBUG ] S12E43A56没有获取到数据
[ 2018-09-28 18:19:01,615 ][ DEBUG ] S12E44A56没有获取到数据
[ 2018-09-28 18:19:01,616 ][ INFO ] {'S12E41A56': 0.2600000000093132, 'S12E43A56': 0, 'S12E44A56': 0, 'S12E42A56': 0.2590000000782311}
[ 2018-09-28 18:19:01,617 ][ INFO ] 获取redis耗时0.4128563404083252
[ 2018-09-28 18:19:02,632 ][ INFO ] 写入modbus点表耗时0.002052783966064453
[ 2018-09-28 18:19:06,636 ][ INFO ] 写入modbus点表耗时0.002059459686279297
[ 2018-09-28 18:19:07,057 ][ DEBUG ] S12E43A56没有获取到数据
[ 2018-09-28 18:19:07,058 ][ DEBUG ] S12E44A56没有获取到数据
[ 2018-09-28 18:19:07,058 ][ INFO ] {'S12E41A56': 0.2600000000093132, 'S12E43A56': 0, 'S12E44A56': 0, 'S12E42A56': 0.2590000000782311}
[ 2018-09-28 18:19:07,059 ][ INFO ] 获取redis耗时0.4392356872558594
[ 2018-09-28 18:19:10,639 ][ INFO ] 写入modbus点表耗时0.0020160675048828125
[ 2018-09-28 18:19:12,465 ][ DEBUG ] S12E43A56没有获取到数据
[ 2018-09-28 18:19:12,466 ][ DEBUG ] S12E44A56没有获取到数据
[ 2018-09-28 18:19:12,467 ][ INFO ] {'S12E41A56': 0.2600000000093132, 'S12E43A56': 0, 'S12E44A56': 0, 'S12E42A56': 0.2590000000782311}
[ 2018-09-28 18:19:12,467 ][ INFO ] 获取redis耗时0.4074563980102539
[ 2018-09-28 18:19:14,643 ][ INFO ] 写入modbus点表耗时0.0020127296447753906
[ 2018-09-28 18:19:17,929 ][ DEBUG ] S12E43A56没有获取到数据
[ 2018-09-28 18:19:17,930 ][ DEBUG ] S12E44A56没有获取到数据
[ 2018-09-28 18:19:17,931 ][ INFO ] {'S12E41A56': 0.2600000000093132, 'S12E43A56': 0, 'S12E44A56': 0, 'S12E42A56': 0.2590000000782311}
[ 2018-09-28 18:19:17,931 ][ INFO ] 获取redis耗时0.46320033073425293
[ 2018-09-28 18:19:18,646 ][ INFO ] 写入modbus点表耗时0.002012968063354492
[ 2018-09-28 18:19:22,650 ][ INFO ] 写入modbus点表耗时0.00201416015625
[ 2018-09-28 18:19:23,372 ][ DEBUG ] S12E43A56没有获取到数据
[ 2018-09-28 18:19:23,373 ][ DEBUG ] S12E44A56没有获取到数据
[ 2018-09-28 18:19:23,373 ][ INFO ] {'S12E41A56': 0.2600000000093132, 'S12E43A56': 0, 'S12E44A56': 0, 'S12E42A56': 0.2590000000782311}
[ 2018-09-28 18:19:23,374 ][ INFO ] 获取redis耗时0.4401419162750244
[ 2018-09-28 18:19:26,654 ][ INFO ] 写入modbus点表耗时0.002008676528930664
[ 2018-09-28 18:19:28,821 ][ DEBUG ] S12E43A56没有获取到数据
[ 2018-09-28 18:19:28,822 ][ DEBUG ] S12E44A56没有获取到数据
[ 2018-09-28 18:19:28,823 ][ INFO ] {'S12E41A56': 0.2600000000093132, 'S12E43A56': 0, 'S12E44A56': 0, 'S12E42A56': 0.2590000000782311}
[ 2018-09-28 18:19:28,824 ][ INFO ] 获取redis耗时0.4493827819824219
[ 2018-09-28 18:19:30,657 ][ INFO ] 写入modbus点表耗时0.002012491226196289
[ 2018-09-28 18:19:34,263 ][ DEBUG ] S12E43A56没有获取到数据
[ 2018-09-28 18:19:34,264 ][ DEBUG ] S12E44A56没有获取到数据
[ 2018-09-28 18:19:34,265 ][ INFO ] {'S12E41A56': 0.2600000000093132, 'S12E43A56': 0, 'S12E44A56': 0, 'S12E42A56': 0.2590000000782311}
[ 2018-09-28 18:19:34,265 ][ INFO ] 获取redis耗时0.4406547546386719
[ 2018-09-28 18:19:34,661 ][ INFO ] 写入modbus点表耗时0.002012968063354492
[ 2018-09-28 18:19:38,664 ][ INFO ] 写入modbus点表耗时0.002012968063354492
[ 2018-09-28 18:19:39,689 ][ DEBUG ] S12E43A56没有获取到数据
[ 2018-09-28 18:19:39,690 ][ DEBUG ] S12E44A56没有获取到数据
[ 2018-09-28 18:19:39,691 ][ INFO ] {'S12E41A56': 0.2600000000093132, 'S12E43A56': 0, 'S12E44A56': 0, 'S12E42A56': 0.2590000000782311}
[ 2018-09-28 18:19:39,692 ][ INFO ] 获取redis耗时0.42587780952453613
[ 2018-09-28 18:19:42,668 ][ INFO ] 写入modbus点表耗时0.002012968063354492
[ 2018-09-28 18:19:45,139 ][ DEBUG ] S12E43A56没有获取到数据
[ 2018-09-28 18:19:45,140 ][ DEBUG ] S12E44A56没有获取到数据
[ 2018-09-28 18:19:45,140 ][ INFO ] {'S12E41A56': 0.2600000000093132, 'S12E43A56': 0, 'S12E44A56': 0, 'S12E42A56': 0.2590000000782311}
[ 2018-09-28 18:19:45,141 ][ INFO ] 获取redis耗时0.4470245838165283
[ 2018-09-28 18:19:46,671 ][ INFO ] 写入modbus点表耗时0.0019693374633789062
[ 2018-09-28 18:19:50,539 ][ DEBUG ] S12E43A56没有获取到数据
[ 2018-09-28 18:19:50,540 ][ DEBUG ] S12E44A56没有获取到数据
[ 2018-09-28 18:19:50,540 ][ INFO ] {'S12E41A56': 0.2600000000093132, 'S12E43A56': 0, 'S12E44A56': 0, 'S12E42A56': 0.2590000000782311}
[ 2018-09-28 18:19:50,541 ][ INFO ] 获取redis耗时0.3981053829193115
[ 2018-09-28 18:19:50,675 ][ INFO ] 写入modbus点表耗时0.002062082290649414
[ 2018-09-28 18:19:54,678 ][ INFO ] 写入modbus点表耗时0.002012968063354492
[ 2018-09-28 18:19:55,976 ][ DEBUG ] S12E43A56没有获取到数据
[ 2018-09-28 18:19:55,977 ][ DEBUG ] S12E44A56没有获取到数据
[ 2018-09-28 18:19:55,978 ][ INFO ] {'S12E41A56': 0.2600000000093132, 'S12E43A56': 0, 'S12E44A56': 0, 'S12E42A56': 0.2590000000782311}
[ 2018-09-28 18:19:55,978 ][ INFO ] 获取redis耗时0.43637967109680176
[ 2018-09-28 18:19:58,682 ][ INFO ] 写入modbus点表耗时0.002048015594482422
[ 2018-09-28 18:20:01,394 ][ DEBUG ] S12E43A56没有获取到数据
[ 2018-09-28 18:20:01,395 ][ DEBUG ] S12E44A56没有获取到数据
[ 2018-09-28 18:20:01,396 ][ INFO ] {'S12E41A56': 0.2600000000093132, 'S12E43A56': 0, 'S12E44A56': 0, 'S12E42A56': 0.2590000000782311}
[ 2018-09-28 18:20:01,397 ][ INFO ] 获取redis耗时0.4170358180999756
[ 2018-09-28 18:20:02,686 ][ INFO ] 写入modbus点表耗时0.0020592212677001953
[ 2018-09-28 18:20:06,689 ][ INFO ] 写入modbus点表耗时0.0020592212677001953
[ 2018-09-28 18:20:06,813 ][ DEBUG ] S12E43A56没有获取到数据
[ 2018-09-28 18:20:06,814 ][ DEBUG ] S12E44A56没有获取到数据
[ 2018-09-28 18:20:06,814 ][ INFO ] {'S12E41A56': 0.2600000000093132, 'S12E43A56': 0, 'S12E44A56': 0, 'S12E42A56': 0.2590000000782311}
[ 2018-09-28 18:20:06,815 ][ INFO ] 获取redis耗时0.41699671745300293
[ 2018-09-28 18:20:10,693 ][ INFO ] 写入modbus点表耗时0.0020232200622558594
[ 2018-09-28 18:20:12,330 ][ DEBUG ] S12E43A56没有获取到数据
[ 2018-09-28 18:20:12,330 ][ DEBUG ] S12E44A56没有获取到数据
[ 2018-09-28 18:20:12,331 ][ INFO ] {'S12E41A56': 0.2600000000093132, 'S12E43A56': 0, 'S12E44A56': 0, 'S12E42A56': 0.2590000000782311}
[ 2018-09-28 18:20:12,332 ][ INFO ] 获取redis耗时0.5152721405029297
[ 2018-09-28 18:20:14,696 ][ INFO ] 写入modbus点表耗时0.0020127296447753906
[ 2018-09-28 18:20:17,776 ][ DEBUG ] S12E43A56没有获取到数据
[ 2018-09-28 18:20:17,776 ][ DEBUG ] S12E44A56没有获取到数据
[ 2018-09-28 18:20:17,777 ][ INFO ] {'S12E41A56': 0.2600000000093132, 'S12E43A56': 0, 'S12E44A56': 0, 'S12E42A56': 0.2590000000782311}
[ 2018-09-28 18:20:17,777 ][ INFO ] 获取redis耗时0.4430835247039795
[ 2018-09-28 18:20:18,700 ][ INFO ] 写入modbus点表耗时0.001988649368286133
[ 2018-09-28 18:20:22,703 ][ INFO ] 写入modbus点表耗时0.001819610595703125
[ 2018-09-28 18:20:23,176 ][ DEBUG ] S12E43A56没有获取到数据
[ 2018-09-28 18:20:23,177 ][ DEBUG ] S12E44A56没有获取到数据
[ 2018-09-28 18:20:23,177 ][ INFO ] {'S12E41A56': 0.2600000000093132, 'S12E43A56': 0, 'S12E44A56': 0, 'S12E42A56': 0.2590000000782311}
[ 2018-09-28 18:20:23,178 ][ INFO ] 获取redis耗时0.39940524101257324
[ 2018-09-28 18:20:26,707 ][ INFO ] 写入modbus点表耗时0.002012491226196289
[ 2018-09-28 18:20:28,573 ][ DEBUG ] S12E43A56没有获取到数据
[ 2018-09-28 18:20:28,574 ][ DEBUG ] S12E44A56没有获取到数据
[ 2018-09-28 18:20:28,575 ][ INFO ] {'S12E41A56': 0.2600000000093132, 'S12E43A56': 0, 'S12E44A56': 0, 'S12E42A56': 0.2590000000782311}
[ 2018-09-28 18:20:28,575 ][ INFO ] 获取redis耗时0.39625120162963867
[ 2018-09-28 18:20:30,710 ][ INFO ] 写入modbus点表耗时0.002062559127807617
[ 2018-09-28 18:20:33,992 ][ DEBUG ] S12E43A56没有获取到数据
[ 2018-09-28 18:20:33,993 ][ DEBUG ] S12E44A56没有获取到数据
[ 2018-09-28 18:20:33,994 ][ INFO ] {'S12E41A56': 0.2600000000093132, 'S12E43A56': 0, 'S12E44A56': 0, 'S12E42A56': 0.2590000000782311}
[ 2018-09-28 18:20:33,994 ][ INFO ] 获取redis耗时0.4182395935058594
[ 2018-09-28 18:20:34,714 ][ INFO ] 写入modbus点表耗时0.002012491226196289
[ 2018-09-28 18:20:38,717 ][ INFO ] 写入modbus点表耗时0.0019483566284179688
[ 2018-09-28 18:20:39,407 ][ DEBUG ] S12E43A56没有获取到数据
[ 2018-09-28 18:20:39,408 ][ DEBUG ] S12E44A56没有获取到数据
[ 2018-09-28 18:20:39,409 ][ INFO ] {'S12E41A56': 0.2600000000093132, 'S12E43A56': 0, 'S12E44A56': 0, 'S12E42A56': 0.2590000000782311}
[ 2018-09-28 18:20:39,409 ][ INFO ] 获取redis耗时0.41260433197021484
[ 2018-09-28 18:20:42,721 ][ INFO ] 写入modbus点表耗时0.002012968063354492
[ 2018-09-28 18:20:44,900 ][ DEBUG ] S12E43A56没有获取到数据
[ 2018-09-28 18:20:44,900 ][ DEBUG ] S12E44A56没有获取到数据
[ 2018-09-28 18:20:44,901 ][ INFO ] {'S12E41A56': 0.2600000000093132, 'S12E43A56': 0, 'S12E44A56': 0, 'S12E42A56': 0.2590000000782311}
[ 2018-09-28 18:20:44,902 ][ INFO ] 获取redis耗时0.4907798767089844
[ 2018-09-28 18:20:46,724 ][ INFO ] 写入modbus点表耗时0.002012968063354492
[ 2018-09-28 18:20:50,331 ][ DEBUG ] S12E43A56没有获取到数据
[ 2018-09-28 18:20:50,332 ][ DEBUG ] S12E44A56没有获取到数据
[ 2018-09-28 18:20:50,333 ][ INFO ] {'S12E41A56': 0.2600000000093132, 'S12E43A56': 0, 'S12E44A56': 0, 'S12E42A56': 0.2590000000782311}
[ 2018-09-28 18:20:50,333 ][ INFO ] 获取redis耗时0.43048644065856934
[ 2018-09-28 18:20:50,726 ][ INFO ] 写入modbus点表耗时0.0
[ 2018-09-28 18:20:54,730 ][ INFO ] 写入modbus点表耗时0.0020132064819335938
[ 2018-09-28 18:20:55,719 ][ DEBUG ] S12E43A56没有获取到数据
[ 2018-09-28 18:20:55,720 ][ DEBUG ] S12E44A56没有获取到数据
[ 2018-09-28 18:20:55,721 ][ INFO ] {'S12E41A56': 0.2600000000093132, 'S12E43A56': 0, 'S12E44A56': 0, 'S12E42A56': 0.2590000000782311}
[ 2018-09-28 18:20:55,721 ][ INFO ] 获取redis耗时0.38642406463623047
[ 2018-09-28 18:20:58,734 ][ INFO ] 写入modbus点表耗时0.003009319305419922
[ 2018-09-28 18:21:01,138 ][ DEBUG ] S12E43A56没有获取到数据
[ 2018-09-28 18:21:01,139 ][ DEBUG ] S12E44A56没有获取到数据
[ 2018-09-28 18:21:01,140 ][ INFO ] {'S12E41A56': 0.2600000000093132, 'S12E43A56': 0, 'S12E44A56': 0, 'S12E42A56': 0.2590000000782311}
[ 2018-09-28 18:21:01,140 ][ INFO ] 获取redis耗时0.41704654693603516
[ 2018-09-28 18:21:02,738 ][ INFO ] 写入modbus点表耗时0.0020127296447753906
[ 2018-09-28 18:21:06,549 ][ DEBUG ] S12E43A56没有获取到数据
[ 2018-09-28 18:21:06,550 ][ DEBUG ] S12E44A56没有获取到数据
[ 2018-09-28 18:21:06,551 ][ INFO ] {'S12E41A56': 0.2600000000093132, 'S12E43A56': 0, 'S12E44A56': 0, 'S12E42A56': 0.2590000000782311}
[ 2018-09-28 18:21:06,551 ][ INFO ] 获取redis耗时0.41001176834106445
[ 2018-09-28 18:21:06,743 ][ INFO ] 写入modbus点表耗时0.002012014389038086
[ 2018-09-28 18:21:10,746 ][ INFO ] 写入modbus点表耗时0.002015352249145508
[ 2018-09-28 18:21:11,954 ][ DEBUG ] S12E43A56没有获取到数据
[ 2018-09-28 18:21:11,954 ][ DEBUG ] S12E44A56没有获取到数据
[ 2018-09-28 18:21:11,955 ][ INFO ] {'S12E41A56': 0.2600000000093132, 'S12E43A56': 0, 'S12E44A56': 0, 'S12E42A56': 0.2590000000782311}
[ 2018-09-28 18:21:11,956 ][ INFO ] 获取redis耗时0.40299487113952637
[ 2018-09-28 18:21:14,749 ][ INFO ] 写入modbus点表耗时0.002065420150756836
[ 2018-09-28 18:21:17,356 ][ DEBUG ] S12E43A56没有获取到数据
[ 2018-09-28 18:21:17,357 ][ DEBUG ] S12E44A56没有获取到数据
[ 2018-09-28 18:21:17,358 ][ INFO ] {'S12E41A56': 0.2600000000093132, 'S12E43A56': 0, 'S12E44A56': 0, 'S12E42A56': 0.2590000000782311}
[ 2018-09-28 18:21:17,358 ][ INFO ] 获取redis耗时0.40116429328918457
[ 2018-09-28 18:21:18,753 ][ INFO ] 写入modbus点表耗时0.002012491226196289
[ 2018-09-28 18:21:22,756 ][ INFO ] 写入modbus点表耗时0.0020139217376708984
[ 2018-09-28 18:21:22,774 ][ DEBUG ] S12E43A56没有获取到数据
[ 2018-09-28 18:21:22,774 ][ DEBUG ] S12E44A56没有获取到数据
[ 2018-09-28 18:21:22,775 ][ INFO ] {'S12E41A56': 0.2600000000093132, 'S12E43A56': 0, 'S12E44A56': 0, 'S12E42A56': 0.2590000000782311}
[ 2018-09-28 18:21:22,776 ][ INFO ] 获取redis耗时0.41679906845092773
[ 2018-09-28 18:21:26,760 ][ INFO ] 写入modbus点表耗时0.0020134449005126953
[ 2018-09-28 18:21:28,166 ][ DEBUG ] S12E43A56没有获取到数据
[ 2018-09-28 18:21:28,167 ][ DEBUG ] S12E44A56没有获取到数据
[ 2018-09-28 18:21:28,168 ][ INFO ] {'S12E41A56': 0.2600000000093132, 'S12E43A56': 0, 'S12E44A56': 0, 'S12E42A56': 0.2590000000782311}
[ 2018-09-28 18:21:28,169 ][ INFO ] 获取redis耗时0.3918616771697998
[ 2018-09-28 18:21:30,764 ][ INFO ] 写入modbus点表耗时0.002012968063354492
[ 2018-09-28 18:21:33,608 ][ DEBUG ] S12E43A56没有获取到数据
[ 2018-09-28 18:21:33,609 ][ DEBUG ] S12E44A56没有获取到数据
[ 2018-09-28 18:21:33,609 ][ INFO ] {'S12E41A56': 0.2600000000093132, 'S12E43A56': 0, 'S12E44A56': 0, 'S12E42A56': 0.2590000000782311}
[ 2018-09-28 18:21:33,610 ][ INFO ] 获取redis耗时0.4398040771484375
[ 2018-09-28 18:21:34,768 ][ INFO ] 写入modbus点表耗时0.0018715858459472656
[ 2018-09-28 18:21:38,772 ][ INFO ] 写入modbus点表耗时0.0020232200622558594
[ 2018-09-28 18:21:39,006 ][ DEBUG ] S12E43A56没有获取到数据
[ 2018-09-28 18:21:39,006 ][ DEBUG ] S12E44A56没有获取到数据
[ 2018-09-28 18:21:39,006 ][ INFO ] {'S12E41A56': 0.2600000000093132, 'S12E43A56': 0, 'S12E44A56': 0, 'S12E42A56': 0.2590000000782311}
[ 2018-09-28 18:21:39,006 ][ INFO ] 获取redis耗时0.3945434093475342
[ 2018-09-28 18:21:42,775 ][ INFO ] 写入modbus点表耗时0.0019540786743164062
[ 2018-09-28 18:21:44,405 ][ DEBUG ] S12E43A56没有获取到数据
[ 2018-09-28 18:21:44,406 ][ DEBUG ] S12E44A56没有获取到数据
[ 2018-09-28 18:21:44,407 ][ INFO ] {'S12E41A56': 0.2600000000093132, 'S12E43A56': 0, 'S12E44A56': 0, 'S12E42A56': 0.2590000000782311}
[ 2018-09-28 18:21:44,407 ][ INFO ] 获取redis耗时0.3990805149078369
[ 2018-09-28 18:21:46,778 ][ INFO ] 写入modbus点表耗时0.002012491226196289
[ 2018-09-28 18:21:49,857 ][ DEBUG ] S12E43A56没有获取到数据
[ 2018-09-28 18:21:49,858 ][ DEBUG ] S12E44A56没有获取到数据
[ 2018-09-28 18:21:49,859 ][ INFO ] {'S12E41A56': 0.2600000000093132, 'S12E43A56': 0, 'S12E44A56': 0, 'S12E42A56': 0.2590000000782311}
[ 2018-09-28 18:21:49,859 ][ INFO ] 获取redis耗时0.4510025978088379
[ 2018-09-28 18:21:50,782 ][ INFO ] 写入modbus点表耗时0.002073049545288086
[ 2018-09-28 18:21:54,786 ][ INFO ] 写入modbus点表耗时0.0020253658294677734
[ 2018-09-28 18:21:55,252 ][ DEBUG ] S12E43A56没有获取到数据
[ 2018-09-28 18:21:55,253 ][ DEBUG ] S12E44A56没有获取到数据
[ 2018-09-28 18:21:55,253 ][ INFO ] {'S12E41A56': 0.2600000000093132, 'S12E43A56': 0, 'S12E44A56': 0, 'S12E42A56': 0.2590000000782311}
[ 2018-09-28 18:21:55,254 ][ INFO ] 获取redis耗时0.39257216453552246
[ 2018-09-28 18:21:58,788 ][ INFO ] 写入modbus点表耗时0.0010154247283935547
[ 2018-09-28 18:22:00,649 ][ DEBUG ] S12E43A56没有获取到数据
[ 2018-09-28 18:22:00,650 ][ DEBUG ] S12E44A56没有获取到数据
[ 2018-09-28 18:22:00,651 ][ INFO ] {'S12E41A56': 0.2600000000093132, 'S12E43A56': 0, 'S12E44A56': 0, 'S12E42A56': 0.2590000000782311}
[ 2018-09-28 18:22:00,651 ][ INFO ] 获取redis耗时0.3969542980194092
[ 2018-09-28 18:22:02,791 ][ INFO ] 写入modbus点表耗时0.0020503997802734375
[ 2018-09-28 18:22:06,039 ][ DEBUG ] S12E43A56没有获取到数据
[ 2018-09-28 18:22:06,040 ][ DEBUG ] S12E44A56没有获取到数据
[ 2018-09-28 18:22:06,041 ][ INFO ] {'S12E41A56': 0.2600000000093132, 'S12E43A56': 0, 'S12E44A56': 0, 'S12E42A56': 0.2590000000782311}
[ 2018-09-28 18:22:06,042 ][ INFO ] 获取redis耗时0.38863158226013184
[ 2018-09-28 18:22:06,795 ][ INFO ] 写入modbus点表耗时0.0020132064819335938
[ 2018-09-28 18:22:10,799 ][ INFO ] 写入modbus点表耗时0.0020127296447753906
[ 2018-09-28 18:22:11,445 ][ DEBUG ] S12E43A56没有获取到数据
[ 2018-09-28 18:22:11,446 ][ DEBUG ] S12E44A56没有获取到数据
[ 2018-09-28 18:22:11,447 ][ INFO ] {'S12E41A56': 0.2600000000093132, 'S12E43A56': 0, 'S12E44A56': 0, 'S12E42A56': 0.2590000000782311}
[ 2018-09-28 18:22:11,447 ][ INFO ] 获取redis耗时0.4028172492980957
[ 2018-09-28 18:22:14,802 ][ INFO ] 写入modbus点表耗时0.0020127296447753906
[ 2018-09-28 18:22:16,996 ][ DEBUG ] S12E43A56没有获取到数据
[ 2018-09-28 18:22:16,997 ][ DEBUG ] S12E44A56没有获取到数据
[ 2018-09-28 18:22:16,998 ][ INFO ] {'S12E41A56': 0.2600000000093132, 'S12E43A56': 0, 'S12E44A56': 0, 'S12E42A56': 0.2590000000782311}
[ 2018-09-28 18:22:16,999 ][ INFO ] 获取redis耗时0.5507814884185791
[ 2018-09-28 18:22:18,806 ][ INFO ] 写入modbus点表耗时0.002012491226196289
[ 2018-09-28 18:22:22,399 ][ DEBUG ] S12E43A56没有获取到数据
[ 2018-09-28 18:22:22,400 ][ DEBUG ] S12E44A56没有获取到数据
[ 2018-09-28 18:22:22,401 ][ INFO ] {'S12E41A56': 0.2600000000093132, 'S12E43A56': 0, 'S12E44A56': 0, 'S12E42A56': 0.2590000000782311}
[ 2018-09-28 18:22:22,401 ][ INFO ] 获取redis耗时0.4009122848510742
[ 2018-09-28 18:22:22,810 ][ INFO ] 写入modbus点表耗时0.0020236968994140625
[ 2018-09-28 18:22:26,813 ][ INFO ] 写入modbus点表耗时0.0018644332885742188
[ 2018-09-28 18:22:27,800 ][ DEBUG ] S12E43A56没有获取到数据
[ 2018-09-28 18:22:27,801 ][ DEBUG ] S12E44A56没有获取到数据
[ 2018-09-28 18:22:27,802 ][ INFO ] {'S12E41A56': 0.2600000000093132, 'S12E43A56': 0, 'S12E44A56': 0, 'S12E42A56': 0.2590000000782311}
[ 2018-09-28 18:22:27,803 ][ INFO ] 获取redis耗时0.4011681079864502
[ 2018-09-28 18:22:30,817 ][ INFO ] 写入modbus点表耗时0.0020427703857421875
[ 2018-09-28 18:22:33,209 ][ DEBUG ] S12E43A56没有获取到数据
[ 2018-09-28 18:22:33,210 ][ DEBUG ] S12E44A56没有获取到数据
[ 2018-09-28 18:22:33,210 ][ INFO ] {'S12E41A56': 0.2600000000093132, 'S12E43A56': 0, 'S12E44A56': 0, 'S12E42A56': 0.2590000000782311}
[ 2018-09-28 18:22:33,211 ][ INFO ] 获取redis耗时0.4071674346923828
[ 2018-09-28 18:22:34,821 ][ INFO ] 写入modbus点表耗时0.002012491226196289
[ 2018-09-28 18:22:38,608 ][ DEBUG ] S12E43A56没有获取到数据
[ 2018-09-28 18:22:38,609 ][ DEBUG ] S12E44A56没有获取到数据
[ 2018-09-28 18:22:38,610 ][ INFO ] {'S12E41A56': 0.2600000000093132, 'S12E43A56': 0, 'S12E44A56': 0, 'S12E42A56': 0.2590000000782311}
[ 2018-09-28 18:22:38,610 ][ INFO ] 获取redis耗时0.396223783493042
[ 2018-09-28 18:22:38,824 ][ INFO ] 写入modbus点表耗时0.0019979476928710938
[ 2018-09-28 18:22:42,828 ][ INFO ] 写入modbus点表耗时0.0020143985748291016
[ 2018-09-28 18:22:44,067 ][ DEBUG ] S12E43A56没有获取到数据
[ 2018-09-28 18:22:44,067 ][ DEBUG ] S12E44A56没有获取到数据
[ 2018-09-28 18:22:44,069 ][ INFO ] {'S12E41A56': 0.2600000000093132, 'S12E43A56': 0, 'S12E44A56': 0, 'S12E42A56': 0.2590000000782311}
[ 2018-09-28 18:22:44,069 ][ INFO ] 获取redis耗时0.4578847885131836
[ 2018-09-28 18:22:46,831 ][ INFO ] 写入modbus点表耗时0.0018992424011230469
[ 2018-09-28 18:22:49,476 ][ DEBUG ] S12E43A56没有获取到数据
[ 2018-09-28 18:22:49,477 ][ DEBUG ] S12E44A56没有获取到数据
[ 2018-09-28 18:22:49,478 ][ INFO ] {'S12E41A56': 0.2600000000093132, 'S12E43A56': 0, 'S12E44A56': 0, 'S12E42A56': 0.2590000000782311}
[ 2018-09-28 18:22:49,478 ][ INFO ] 获取redis耗时0.4077794551849365
[ 2018-09-28 18:22:50,835 ][ INFO ] 写入modbus点表耗时0.002015829086303711
[ 2018-09-28 18:22:54,838 ][ INFO ] 写入modbus点表耗时0.00206756591796875
[ 2018-09-28 18:22:55,111 ][ DEBUG ] S12E43A56没有获取到数据
[ 2018-09-28 18:22:55,112 ][ DEBUG ] S12E44A56没有获取到数据
[ 2018-09-28 18:22:55,113 ][ INFO ] {'S12E41A56': 0.2600000000093132, 'S12E43A56': 0, 'S12E44A56': 0, 'S12E42A56': 0.2590000000782311}
[ 2018-09-28 18:22:55,113 ][ INFO ] 获取redis耗时0.6336109638214111
[ 2018-09-28 18:22:58,842 ][ INFO ] 写入modbus点表耗时0.002012968063354492
[ 2018-09-28 18:23:00,518 ][ DEBUG ] S12E43A56没有获取到数据
[ 2018-09-28 18:23:00,520 ][ DEBUG ] S12E44A56没有获取到数据
[ 2018-09-28 18:23:00,521 ][ INFO ] {'S12E41A56': 0.2600000000093132, 'S12E43A56': 0, 'S12E44A56': 0, 'S12E42A56': 0.2590000000782311}
[ 2018-09-28 18:23:00,522 ][ INFO ] 获取redis耗时0.40704941749572754
[ 2018-09-28 18:23:02,846 ][ INFO ] 写入modbus点表耗时0.0018205642700195312
[ 2018-09-28 18:23:05,929 ][ DEBUG ] S12E43A56没有获取到数据
[ 2018-09-28 18:23:05,930 ][ DEBUG ] S12E44A56没有获取到数据
[ 2018-09-28 18:23:05,931 ][ INFO ] {'S12E41A56': 0.2600000000093132, 'S12E43A56': 0, 'S12E44A56': 0, 'S12E42A56': 0.2590000000782311}
[ 2018-09-28 18:23:05,931 ][ INFO ] 获取redis耗时0.4071624279022217
[ 2018-09-28 18:23:06,849 ][ INFO ] 写入modbus点表耗时0.002026796340942383
[ 2018-09-28 18:23:10,853 ][ INFO ] 写入modbus点表耗时0.002012968063354492
[ 2018-09-28 18:23:11,333 ][ DEBUG ] S12E43A56没有获取到数据
[ 2018-09-28 18:23:11,333 ][ DEBUG ] S12E44A56没有获取到数据
[ 2018-09-28 18:23:11,334 ][ INFO ] {'S12E41A56': 0.2600000000093132, 'S12E43A56': 0, 'S12E44A56': 0, 'S12E42A56': 0.2590000000782311}
[ 2018-09-28 18:23:11,334 ][ INFO ] 获取redis耗时0.4018421173095703
[ 2018-09-28 18:23:14,856 ][ INFO ] 写入modbus点表耗时0.0020253658294677734
[ 2018-09-28 18:23:16,779 ][ DEBUG ] S12E43A56没有获取到数据
[ 2018-09-28 18:23:16,780 ][ DEBUG ] S12E44A56没有获取到数据
[ 2018-09-28 18:23:16,781 ][ INFO ] {'S12E41A56': 0.2600000000093132, 'S12E43A56': 0, 'S12E44A56': 0, 'S12E42A56': 0.2590000000782311}
[ 2018-09-28 18:23:16,781 ][ INFO ] 获取redis耗时0.44509363174438477
[ 2018-09-28 18:23:18,860 ][ INFO ] 写入modbus点表耗时0.0020127296447753906
[ 2018-09-28 18:23:22,249 ][ DEBUG ] S12E43A56没有获取到数据
[ 2018-09-28 18:23:22,250 ][ DEBUG ] S12E44A56没有获取到数据
[ 2018-09-28 18:23:22,251 ][ INFO ] {'S12E41A56': 0.2600000000093132, 'S12E43A56': 0, 'S12E44A56': 0, 'S12E42A56': 0.2590000000782311}
[ 2018-09-28 18:23:22,251 ][ INFO ] 获取redis耗时0.46794986724853516
[ 2018-09-28 18:23:22,863 ][ INFO ] 写入modbus点表耗时0.002004861831665039
[ 2018-09-28 18:23:26,866 ][ INFO ] 写入modbus点表耗时0.0020694732666015625
[ 2018-09-28 18:23:27,662 ][ DEBUG ] S12E43A56没有获取到数据
[ 2018-09-28 18:23:27,663 ][ DEBUG ] S12E44A56没有获取到数据
[ 2018-09-28 18:23:27,664 ][ INFO ] {'S12E41A56': 0.2600000000093132, 'S12E43A56': 0, 'S12E44A56': 0, 'S12E42A56': 0.2590000000782311}
[ 2018-09-28 18:23:27,664 ][ INFO ] 获取redis耗时0.41142797470092773
[ 2018-09-28 18:23:30,870 ][ INFO ] 写入modbus点表耗时0.0020694732666015625
[ 2018-09-28 18:23:33,088 ][ DEBUG ] S12E43A56没有获取到数据
[ 2018-09-28 18:23:33,088 ][ DEBUG ] S12E44A56没有获取到数据
[ 2018-09-28 18:23:33,088 ][ INFO ] {'S12E41A56': 0.2600000000093132, 'S12E43A56': 0, 'S12E44A56': 0, 'S12E42A56': 0.2590000000782311}
[ 2018-09-28 18:23:33,088 ][ INFO ] 获取redis耗时0.42318201065063477
[ 2018-09-28 18:23:34,874 ][ INFO ] 写入modbus点表耗时0.002026081085205078
[ 2018-09-28 18:23:38,562 ][ DEBUG ] S12E43A56没有获取到数据
[ 2018-09-28 18:23:38,563 ][ DEBUG ] S12E44A56没有获取到数据
[ 2018-09-28 18:23:38,563 ][ INFO ] {'S12E41A56': 0.2600000000093132, 'S12E43A56': 0, 'S12E44A56': 0, 'S12E42A56': 0.2590000000782311}
[ 2018-09-28 18:23:38,564 ][ INFO ] 获取redis耗时0.47478628158569336
[ 2018-09-28 18:23:38,877 ][ INFO ] 写入modbus点表耗时0.0018162727355957031
[ 2018-09-28 18:23:42,881 ][ INFO ] 写入modbus点表耗时0.001873016357421875
[ 2018-09-28 18:23:43,957 ][ DEBUG ] S12E43A56没有获取到数据
[ 2018-09-28 18:23:43,958 ][ DEBUG ] S12E44A56没有获取到数据
[ 2018-09-28 18:23:43,959 ][ INFO ] {'S12E41A56': 0.2600000000093132, 'S12E43A56': 0, 'S12E44A56': 0, 'S12E42A56': 0.2590000000782311}
[ 2018-09-28 18:23:43,959 ][ INFO ] 获取redis耗时0.3931393623352051
[ 2018-09-28 18:23:46,883 ][ INFO ] 写入modbus点表耗时0.0
[ 2018-09-28 18:23:49,369 ][ DEBUG ] S12E43A56没有获取到数据
[ 2018-09-28 18:23:49,370 ][ DEBUG ] S12E44A56没有获取到数据
[ 2018-09-28 18:23:49,371 ][ INFO ] {'S12E41A56': 0.2600000000093132, 'S12E43A56': 0, 'S12E44A56': 0, 'S12E42A56': 0.2590000000782311}
[ 2018-09-28 18:23:49,371 ][ INFO ] 获取redis耗时0.4105842113494873
[ 2018-09-28 18:23:50,886 ][ INFO ] 写入modbus点表耗时0.0020134449005126953
[ 2018-09-28 18:23:54,770 ][ DEBUG ] S12E43A56没有获取到数据
[ 2018-09-28 18:23:54,771 ][ DEBUG ] S12E44A56没有获取到数据
[ 2018-09-28 18:23:54,772 ][ INFO ] {'S12E41A56': 0.2600000000093132, 'S12E43A56': 0, 'S12E44A56': 0, 'S12E42A56': 0.2590000000782311}
[ 2018-09-28 18:23:54,772 ][ INFO ] 获取redis耗时0.4001476764678955
[ 2018-09-28 18:23:54,890 ][ INFO ] 写入modbus点表耗时0.0018129348754882812
[ 2018-09-28 18:23:58,894 ][ INFO ] 写入modbus点表耗时0.0020132064819335938
[ 2018-09-28 18:24:00,170 ][ DEBUG ] S12E43A56没有获取到数据
[ 2018-09-28 18:24:00,171 ][ DEBUG ] S12E44A56没有获取到数据
[ 2018-09-28 18:24:00,172 ][ INFO ] {'S12E41A56': 0.2600000000093132, 'S12E43A56': 0, 'S12E44A56': 0, 'S12E42A56': 0.2590000000782311}
[ 2018-09-28 18:24:00,173 ][ INFO ] 获取redis耗时0.39890432357788086
[ 2018-09-28 18:24:02,897 ][ INFO ] 写入modbus点表耗时0.0020639896392822266
[ 2018-09-28 18:24:05,563 ][ DEBUG ] S12E43A56没有获取到数据
[ 2018-09-28 18:24:05,564 ][ DEBUG ] S12E44A56没有获取到数据
[ 2018-09-28 18:24:05,565 ][ INFO ] {'S12E41A56': 0.2600000000093132, 'S12E43A56': 0, 'S12E44A56': 0, 'S12E42A56': 0.2590000000782311}
[ 2018-09-28 18:24:05,565 ][ INFO ] 获取redis耗时0.3910863399505615
[ 2018-09-28 18:24:06,900 ][ INFO ] 写入modbus点表耗时0.002015829086303711
[ 2018-09-28 18:24:10,905 ][ INFO ] 写入modbus点表耗时0.002012968063354492
[ 2018-09-28 18:24:10,992 ][ DEBUG ] S12E43A56没有获取到数据
[ 2018-09-28 18:24:10,993 ][ DEBUG ] S12E44A56没有获取到数据
[ 2018-09-28 18:24:10,993 ][ INFO ] {'S12E41A56': 0.2600000000093132, 'S12E43A56': 0, 'S12E44A56': 0, 'S12E42A56': 0.2590000000782311}
[ 2018-09-28 18:24:10,994 ][ INFO ] 获取redis耗时0.4275636672973633
[ 2018-09-28 18:24:14,908 ][ INFO ] 写入modbus点表耗时0.002012968063354492
[ 2018-09-28 18:24:16,407 ][ DEBUG ] S12E43A56没有获取到数据
[ 2018-09-28 18:24:16,408 ][ DEBUG ] S12E44A56没有获取到数据
[ 2018-09-28 18:24:16,409 ][ INFO ] {'S12E41A56': 0.2600000000093132, 'S12E43A56': 0, 'S12E44A56': 0, 'S12E42A56': 0.2590000000782311}
[ 2018-09-28 18:24:16,409 ][ INFO ] 获取redis耗时0.4130666255950928
[ 2018-09-28 18:24:18,912 ][ INFO ] 写入modbus点表耗时0.002012968063354492
[ 2018-09-28 18:24:21,843 ][ DEBUG ] S12E43A56没有获取到数据
[ 2018-09-28 18:24:21,845 ][ DEBUG ] S12E44A56没有获取到数据
[ 2018-09-28 18:24:21,846 ][ INFO ] {'S12E41A56': 0.2600000000093132, 'S12E43A56': 0, 'S12E44A56': 0, 'S12E42A56': 0.2590000000782311}
[ 2018-09-28 18:24:21,846 ][ INFO ] 获取redis耗时0.43510007858276367
[ 2018-09-28 18:24:22,916 ][ INFO ] 写入modbus点表耗时0.001880645751953125
[ 2018-09-28 18:24:26,920 ][ INFO ] 写入modbus点表耗时0.002012968063354492
[ 2018-09-28 18:24:27,239 ][ DEBUG ] S12E43A56没有获取到数据
[ 2018-09-28 18:24:27,240 ][ DEBUG ] S12E44A56没有获取到数据
[ 2018-09-28 18:24:27,241 ][ INFO ] {'S12E41A56': 0.2600000000093132, 'S12E43A56': 0, 'S12E44A56': 0, 'S12E42A56': 0.2590000000782311}
[ 2018-09-28 18:24:27,241 ][ INFO ] 获取redis耗时0.3940560817718506
[ 2018-09-28 18:24:30,923 ][ INFO ] 写入modbus点表耗时0.002023935317993164
[ 2018-09-28 18:24:32,640 ][ DEBUG ] S12E43A56没有获取到数据
[ 2018-09-28 18:24:32,640 ][ DEBUG ] S12E44A56没有获取到数据
[ 2018-09-28 18:24:32,641 ][ INFO ] {'S12E41A56': 0.2600000000093132, 'S12E43A56': 0, 'S12E44A56': 0, 'S12E42A56': 0.2590000000782311}
[ 2018-09-28 18:24:32,641 ][ INFO ] 获取redis耗时0.3985011577606201
[ 2018-09-28 18:24:34,927 ][ INFO ] 写入modbus点表耗时0.002069234848022461
[ 2018-09-28 18:24:38,201 ][ DEBUG ] S12E43A56没有获取到数据
[ 2018-09-28 18:24:38,202 ][ DEBUG ] S12E44A56没有获取到数据
[ 2018-09-28 18:24:38,203 ][ INFO ] {'S12E41A56': 0.2600000000093132, 'S12E43A56': 0, 'S12E44A56': 0, 'S12E42A56': 0.2590000000782311}
[ 2018-09-28 18:24:38,203 ][ INFO ] 获取redis耗时0.5610547065734863
[ 2018-09-28 18:24:38,931 ][ INFO ] 写入modbus点表耗时0.002016782760620117
[ 2018-09-28 18:24:42,933 ][ INFO ] 写入modbus点表耗时0.0020706653594970703
[ 2018-09-28 18:24:43,609 ][ DEBUG ] S12E43A56没有获取到数据
[ 2018-09-28 18:24:43,610 ][ DEBUG ] S12E44A56没有获取到数据
[ 2018-09-28 18:24:43,611 ][ INFO ] {'S12E41A56': 0.2600000000093132, 'S12E43A56': 0, 'S12E44A56': 0, 'S12E42A56': 0.2590000000782311}
[ 2018-09-28 18:24:43,611 ][ INFO ] 获取redis耗时0.4054875373840332
[ 2018-09-28 18:24:46,937 ][ INFO ] 写入modbus点表耗时0.0020127296447753906
[ 2018-09-28 18:24:48,999 ][ DEBUG ] S12E43A56没有获取到数据
[ 2018-09-28 18:24:49,001 ][ DEBUG ] S12E44A56没有获取到数据
[ 2018-09-28 18:24:49,002 ][ INFO ] {'S12E41A56': 0.2600000000093132, 'S12E43A56': 0, 'S12E44A56': 0, 'S12E42A56': 0.2590000000782311}
[ 2018-09-28 18:24:49,002 ][ INFO ] 获取redis耗时0.38936614990234375
[ 2018-09-28 18:24:50,941 ][ INFO ] 写入modbus点表耗时0.002068758010864258
[ 2018-09-28 18:24:54,387 ][ DEBUG ] S12E43A56没有获取到数据
[ 2018-09-28 18:24:54,387 ][ DEBUG ] S12E44A56没有获取到数据
[ 2018-09-28 18:24:54,388 ][ INFO ] {'S12E41A56': 0.2600000000093132, 'S12E43A56': 0, 'S12E44A56': 0, 'S12E42A56': 0.2590000000782311}
[ 2018-09-28 18:24:54,389 ][ INFO ] 获取redis耗时0.38669443130493164
[ 2018-09-28 18:24:54,944 ][ INFO ] 写入modbus点表耗时0.0020132064819335938
[ 2018-09-28 18:24:58,948 ][ INFO ] 写入modbus点表耗时0.002016782760620117
[ 2018-09-28 18:24:59,776 ][ DEBUG ] S12E43A56没有获取到数据
[ 2018-09-28 18:24:59,777 ][ DEBUG ] S12E44A56没有获取到数据
[ 2018-09-28 18:24:59,778 ][ INFO ] {'S12E41A56': 0.2610000000568107, 'S12E43A56': 0, 'S12E44A56': 0, 'S12E42A56': 0.2590000000782311}
[ 2018-09-28 18:24:59,778 ][ INFO ] 获取redis耗时0.3875396251678467
[ 2018-09-28 18:25:02,951 ][ INFO ] 写入modbus点表耗时0.0020694732666015625
[ 2018-09-28 18:25:05,181 ][ DEBUG ] S12E43A56没有获取到数据
[ 2018-09-28 18:25:05,181 ][ DEBUG ] S12E44A56没有获取到数据
[ 2018-09-28 18:25:05,182 ][ INFO ] {'S12E41A56': 0.2610000000568107, 'S12E43A56': 0, 'S12E44A56': 0, 'S12E42A56': 0.2590000000782311}
[ 2018-09-28 18:25:05,183 ][ INFO ] 获取redis耗时0.40375804901123047
[ 2018-09-28 18:25:06,955 ][ INFO ] 写入modbus点表耗时0.0020248889923095703
[ 2018-09-28 18:25:10,586 ][ DEBUG ] S12E43A56没有获取到数据
[ 2018-09-28 18:25:10,587 ][ DEBUG ] S12E44A56没有获取到数据
[ 2018-09-28 18:25:10,587 ][ INFO ] {'S12E41A56': 0.2590000000782311, 'S12E43A56': 0, 'S12E44A56': 0, 'S12E42A56': 0.2590000000782311}
[ 2018-09-28 18:25:10,588 ][ INFO ] 获取redis耗时0.4039802551269531
[ 2018-09-28 18:25:10,959 ][ INFO ] 写入modbus点表耗时0.0020127296447753906
[ 2018-09-28 18:25:14,963 ][ INFO ] 写入modbus点表耗时0.002012491226196289
[ 2018-09-28 18:25:16,017 ][ DEBUG ] S12E43A56没有获取到数据
[ 2018-09-28 18:25:16,018 ][ DEBUG ] S12E44A56没有获取到数据
[ 2018-09-28 18:25:16,018 ][ INFO ] {'S12E41A56': 0.2590000000782311, 'S12E43A56': 0, 'S12E44A56': 0, 'S12E42A56': 0.2590000000782311}
[ 2018-09-28 18:25:16,019 ][ INFO ] 获取redis耗时0.43000149726867676
[ 2018-09-28 18:25:18,966 ][ INFO ] 写入modbus点表耗时0.0020241737365722656
[ 2018-09-28 18:25:21,441 ][ DEBUG ] S12E43A56没有获取到数据
[ 2018-09-28 18:25:21,442 ][ DEBUG ] S12E44A56没有获取到数据
[ 2018-09-28 18:25:21,443 ][ INFO ] {'S12E41A56': 0.2590000000782311, 'S12E43A56': 0, 'S12E44A56': 0, 'S12E42A56': 0.2590000000782311}
[ 2018-09-28 18:25:21,444 ][ INFO ] 获取redis耗时0.4232964515686035
[ 2018-09-28 18:25:22,969 ][ INFO ] 写入modbus点表耗时0.0018279552459716797
[ 2018-09-28 18:25:26,857 ][ DEBUG ] S12E43A56没有获取到数据
[ 2018-09-28 18:25:26,858 ][ DEBUG ] S12E44A56没有获取到数据
[ 2018-09-28 18:25:26,859 ][ INFO ] {'S12E41A56': 0.2590000000782311, 'S12E43A56': 0, 'S12E44A56': 0, 'S12E42A56': 0.2590000000782311}
[ 2018-09-28 18:25:26,859 ][ INFO ] 获取redis耗时0.41366028785705566
[ 2018-09-28 18:25:26,973 ][ INFO ] 写入modbus点表耗时0.002068042755126953
[ 2018-09-28 18:25:30,976 ][ INFO ] 写入modbus点表耗时0.002012491226196289
[ 2018-09-28 18:25:32,280 ][ DEBUG ] S12E43A56没有获取到数据
[ 2018-09-28 18:25:32,281 ][ DEBUG ] S12E44A56没有获取到数据
[ 2018-09-28 18:25:32,282 ][ INFO ] {'S12E41A56': 0.2590000000782311, 'S12E43A56': 0, 'S12E44A56': 0, 'S12E42A56': 0.2590000000782311}
[ 2018-09-28 18:25:32,282 ][ INFO ] 获取redis耗时0.421006441116333
[ 2018-09-28 18:25:34,980 ][ INFO ] 写入modbus点表耗时0.002012968063354492
[ 2018-09-28 18:25:37,678 ][ DEBUG ] S12E43A56没有获取到数据
[ 2018-09-28 18:25:37,678 ][ DEBUG ] S12E44A56没有获取到数据
[ 2018-09-28 18:25:37,679 ][ INFO ] {'S12E41A56': 0.2590000000782311, 'S12E43A56': 0, 'S12E44A56': 0, 'S12E42A56': 0.2590000000782311}
[ 2018-09-28 18:25:37,679 ][ INFO ] 获取redis耗时0.3952322006225586
[ 2018-09-28 18:25:38,983 ][ INFO ] 写入modbus点表耗时0.002024412155151367
[ 2018-09-28 18:25:42,987 ][ INFO ] 写入modbus点表耗时0.002012014389038086
[ 2018-09-28 18:25:43,088 ][ DEBUG ] S12E43A56没有获取到数据
[ 2018-09-28 18:25:43,088 ][ DEBUG ] S12E44A56没有获取到数据
[ 2018-09-28 18:25:43,088 ][ INFO ] {'S12E41A56': 0.2590000000782311, 'S12E43A56': 0, 'S12E44A56': 0, 'S12E42A56': 0.2590000000782311}
[ 2018-09-28 18:25:43,089 ][ INFO ] 获取redis耗时0.4098529815673828
[ 2018-09-28 18:25:46,991 ][ INFO ] 写入modbus点表耗时0.002012491226196289
[ 2018-09-28 18:25:48,489 ][ DEBUG ] S12E43A56没有获取到数据
[ 2018-09-28 18:25:48,490 ][ DEBUG ] S12E44A56没有获取到数据
[ 2018-09-28 18:25:48,491 ][ INFO ] {'S12E41A56': 0.2590000000782311, 'S12E43A56': 0, 'S12E44A56': 0, 'S12E42A56': 0.2590000000782311}
[ 2018-09-28 18:25:48,491 ][ INFO ] 获取redis耗时0.4011986255645752
[ 2018-09-28 18:25:50,995 ][ INFO ] 写入modbus点表耗时0.002012491226196289
[ 2018-09-28 18:25:53,929 ][ DEBUG ] S12E43A56没有获取到数据
[ 2018-09-28 18:25:53,930 ][ DEBUG ] S12E44A56没有获取到数据
[ 2018-09-28 18:25:53,931 ][ INFO ] {'S12E41A56': 0.2590000000782311, 'S12E43A56': 0, 'S12E44A56': 0, 'S12E42A56': 0.2590000000782311}
[ 2018-09-28 18:25:53,931 ][ INFO ] 获取redis耗时0.43831324577331543
[ 2018-09-28 18:25:54,998 ][ INFO ] 写入modbus点表耗时0.0020673274993896484
[ 2018-09-28 18:25:59,002 ][ INFO ] 写入modbus点表耗时0.0020651817321777344
[ 2018-09-28 18:25:59,331 ][ DEBUG ] S12E43A56没有获取到数据
[ 2018-09-28 18:25:59,332 ][ DEBUG ] S12E44A56没有获取到数据
[ 2018-09-28 18:25:59,332 ][ INFO ] {'S12E41A56': 0.2590000000782311, 'S12E43A56': 0, 'S12E44A56': 0, 'S12E42A56': 0.2590000000782311}
[ 2018-09-28 18:25:59,333 ][ INFO ] 获取redis耗时0.40059328079223633
[ 2018-09-28 18:26:03,005 ][ INFO ] 写入modbus点表耗时0.002017974853515625
[ 2018-09-28 18:26:04,723 ][ DEBUG ] S12E43A56没有获取到数据
[ 2018-09-28 18:26:04,724 ][ DEBUG ] S12E44A56没有获取到数据
[ 2018-09-28 18:26:04,724 ][ INFO ] {'S12E41A56': 0.2590000000782311, 'S12E43A56': 0, 'S12E44A56': 0, 'S12E42A56': 0.2590000000782311}
[ 2018-09-28 18:26:04,725 ][ INFO ] 获取redis耗时0.39198851585388184
[ 2018-09-28 18:26:07,009 ][ INFO ] 写入modbus点表耗时0.0020744800567626953
[ 2018-09-28 18:26:10,143 ][ DEBUG ] S12E43A56没有获取到数据
[ 2018-09-28 18:26:10,144 ][ DEBUG ] S12E44A56没有获取到数据
[ 2018-09-28 18:26:10,144 ][ INFO ] {'S12E41A56': 0.2590000000782311, 'S12E43A56': 0, 'S12E44A56': 0, 'S12E42A56': 0.2590000000782311}
[ 2018-09-28 18:26:10,145 ][ INFO ] 获取redis耗时0.41875338554382324
[ 2018-09-28 18:26:11,013 ][ INFO ] 写入modbus点表耗时0.0018825531005859375
[ 2018-09-28 18:26:15,017 ][ INFO ] 写入modbus点表耗时0.002001047134399414
[ 2018-09-28 18:26:15,538 ][ DEBUG ] S12E43A56没有获取到数据
[ 2018-09-28 18:26:15,539 ][ DEBUG ] S12E44A56没有获取到数据
[ 2018-09-28 18:26:15,540 ][ INFO ] {'S12E41A56': 0.2590000000782311, 'S12E43A56': 0, 'S12E44A56': 0, 'S12E42A56': 0.2590000000782311}
[ 2018-09-28 18:26:15,540 ][ INFO ] 获取redis耗时0.3936896324157715
[ 2018-09-28 18:26:19,021 ][ INFO ] 写入modbus点表耗时0.0019960403442382812
[ 2018-09-28 18:26:20,936 ][ DEBUG ] S12E43A56没有获取到数据
[ 2018-09-28 18:26:20,937 ][ DEBUG ] S12E44A56没有获取到数据
[ 2018-09-28 18:26:20,938 ][ INFO ] {'S12E41A56': 0.2590000000782311, 'S12E43A56': 0, 'S12E44A56': 0, 'S12E42A56': 0.2590000000782311}
[ 2018-09-28 18:26:20,938 ][ INFO ] 获取redis耗时0.39608192443847656
[ 2018-09-28 18:26:23,029 ][ INFO ] 写入modbus点表耗时0.007028102874755859
[ 2018-09-28 18:26:26,367 ][ DEBUG ] S12E43A56没有获取到数据
[ 2018-09-28 18:26:26,367 ][ DEBUG ] S12E44A56没有获取到数据
[ 2018-09-28 18:26:26,367 ][ INFO ] {'S12E41A56': 0.2590000000782311, 'S12E43A56': 0, 'S12E44A56': 0, 'S12E42A56': 0.2590000000782311}
[ 2018-09-28 18:26:26,367 ][ INFO ] 获取redis耗时0.4283416271209717
[ 2018-09-28 18:26:27,054 ][ INFO ] 写入modbus点表耗时0.01562666893005371
[ 2018-09-28 18:26:31,062 ][ INFO ] 写入modbus点表耗时0.0
[ 2018-09-28 18:26:31,798 ][ DEBUG ] S12E43A56没有获取到数据
[ 2018-09-28 18:26:31,798 ][ DEBUG ] S12E44A56没有获取到数据
[ 2018-09-28 18:26:31,798 ][ INFO ] {'S12E41A56': 0.2590000000782311, 'S12E43A56': 0, 'S12E44A56': 0, 'S12E42A56': 0.2590000000782311}
[ 2018-09-28 18:26:31,798 ][ INFO ] 获取redis耗时0.4074239730834961
[ 2018-09-28 18:26:35,067 ][ INFO ] 写入modbus点表耗时0.0
[ 2018-09-28 18:26:37,238 ][ DEBUG ] S12E43A56没有获取到数据
[ 2018-09-28 18:26:37,238 ][ DEBUG ] S12E44A56没有获取到数据
[ 2018-09-28 18:26:37,238 ][ INFO ] {'S12E41A56': 0.2590000000782311, 'S12E43A56': 0, 'S12E44A56': 0, 'S12E42A56': 0.2590000000782311}
[ 2018-09-28 18:26:37,238 ][ INFO ] 获取redis耗时0.4219062328338623
[ 2018-09-28 18:26:39,071 ][ INFO ] 写入modbus点表耗时0.0
[ 2018-09-28 18:26:42,666 ][ DEBUG ] S12E43A56没有获取到数据
[ 2018-09-28 18:26:42,666 ][ DEBUG ] S12E44A56没有获取到数据
[ 2018-09-28 18:26:42,666 ][ INFO ] {'S12E41A56': 0.2590000000782311, 'S12E43A56': 0, 'S12E44A56': 0, 'S12E42A56': 0.2590000000782311}
[ 2018-09-28 18:26:42,666 ][ INFO ] 获取redis耗时0.40628719329833984
[ 2018-09-28 18:26:43,083 ][ INFO ] 写入modbus点表耗时0.0
[ 2018-09-28 18:26:47,099 ][ INFO ] 写入modbus点表耗时0.0
[ 2018-09-28 18:26:48,100 ][ DEBUG ] S12E43A56没有获取到数据
[ 2018-09-28 18:26:48,100 ][ DEBUG ] S12E44A56没有获取到数据
[ 2018-09-28 18:26:48,100 ][ INFO ] {'S12E41A56': 0.2590000000782311, 'S12E43A56': 0, 'S12E44A56': 0, 'S12E42A56': 0.2590000000782311}
[ 2018-09-28 18:26:48,100 ][ INFO ] 获取redis耗时0.4110562801361084
[ 2018-09-28 18:26:51,115 ][ INFO ] 写入modbus点表耗时0.0
[ 2018-09-28 18:26:53,523 ][ DEBUG ] S12E43A56没有获取到数据
[ 2018-09-28 18:26:53,523 ][ DEBUG ] S12E44A56没有获取到数据
[ 2018-09-28 18:26:53,523 ][ INFO ] {'S12E41A56': 0.2590000000782311, 'S12E43A56': 0, 'S12E44A56': 0, 'S12E42A56': 0.2590000000782311}
[ 2018-09-28 18:26:53,523 ][ INFO ] 获取redis耗时0.40661168098449707
[ 2018-09-28 18:26:55,132 ][ INFO ] 写入modbus点表耗时0.0
[ 2018-09-28 18:26:59,037 ][ DEBUG ] S12E43A56没有获取到数据
[ 2018-09-28 18:26:59,037 ][ DEBUG ] S12E44A56没有获取到数据
[ 2018-09-28 18:26:59,037 ][ INFO ] {'S12E41A56': 0.2590000000782311, 'S12E43A56': 0, 'S12E44A56': 0, 'S12E42A56': 0.2590000000782311}
[ 2018-09-28 18:26:59,037 ][ INFO ] 获取redis耗时0.49077486991882324
[ 2018-09-28 18:26:59,146 ][ INFO ] 写入modbus点表耗时0.0
[ 2018-09-28 18:27:03,163 ][ INFO ] 写入modbus点表耗时0.0
[ 2018-09-28 18:27:04,476 ][ DEBUG ] S12E43A56没有获取到数据
[ 2018-09-28 18:27:04,476 ][ DEBUG ] S12E44A56没有获取到数据
[ 2018-09-28 18:27:04,476 ][ INFO ] {'S12E41A56': 0.2590000000782311, 'S12E43A56': 0, 'S12E44A56': 0, 'S12E42A56': 0.2590000000782311}
[ 2018-09-28 18:27:04,476 ][ INFO ] 获取redis耗时0.42172980308532715
[ 2018-09-28 18:27:07,178 ][ INFO ] 写入modbus点表耗时0.0
[ 2018-09-28 18:27:09,899 ][ DEBUG ] S12E43A56没有获取到数据
[ 2018-09-28 18:27:09,899 ][ DEBUG ] S12E44A56没有获取到数据
[ 2018-09-28 18:27:09,899 ][ INFO ] {'S12E41A56': 0.2590000000782311, 'S12E43A56': 0, 'S12E44A56': 0, 'S12E42A56': 0.2590000000782311}
[ 2018-09-28 18:27:09,899 ][ INFO ] 获取redis耗时0.4094665050506592
[ 2018-09-28 18:27:11,193 ][ INFO ] 写入modbus点表耗时0.0
[ 2018-09-28 18:27:15,209 ][ INFO ] 写入modbus点表耗时0.0
[ 2018-09-28 18:27:15,303 ][ DEBUG ] S12E43A56没有获取到数据
[ 2018-09-28 18:27:15,303 ][ DEBUG ] S12E44A56没有获取到数据
[ 2018-09-28 18:27:15,303 ][ INFO ] {'S12E41A56': 0.2590000000782311, 'S12E43A56': 0, 'S12E44A56': 0, 'S12E42A56': 0.2590000000782311}
[ 2018-09-28 18:27:15,303 ][ INFO ] 获取redis耗时0.390796422958374
[ 2018-09-28 18:27:19,216 ][ INFO ] 写入modbus点表耗时0.0
[ 2018-09-28 18:27:20,710 ][ DEBUG ] S12E43A56没有获取到数据
[ 2018-09-28 18:27:20,710 ][ DEBUG ] S12E44A56没有获取到数据
[ 2018-09-28 18:27:20,710 ][ INFO ] {'S12E41A56': 0.2590000000782311, 'S12E43A56': 0, 'S12E44A56': 0, 'S12E42A56': 0.2590000000782311}
[ 2018-09-28 18:27:20,710 ][ INFO ] 获取redis耗时0.39105939865112305
[ 2018-09-28 18:27:23,224 ][ INFO ] 写入modbus点表耗时0.0
[ 2018-09-28 18:27:26,115 ][ DEBUG ] S12E43A56没有获取到数据
[ 2018-09-28 18:27:26,115 ][ DEBUG ] S12E44A56没有获取到数据
[ 2018-09-28 18:27:26,131 ][ INFO ] {'S12E41A56': 0.2590000000782311, 'S12E43A56': 0, 'S12E44A56': 0, 'S12E42A56': 0.2590000000782311}
[ 2018-09-28 18:27:26,131 ][ INFO ] 获取redis耗时0.39359307289123535
[ 2018-09-28 18:27:27,241 ][ INFO ] 写入modbus点表耗时0.0
[ 2018-09-28 18:27:31,254 ][ INFO ] 写入modbus点表耗时0.0
[ 2018-09-28 18:27:31,535 ][ DEBUG ] S12E43A56没有获取到数据
[ 2018-09-28 18:27:31,535 ][ DEBUG ] S12E44A56没有获取到数据
[ 2018-09-28 18:27:31,535 ][ INFO ] {'S12E41A56': 0.2590000000782311, 'S12E43A56': 0, 'S12E44A56': 0, 'S12E42A56': 0.2590000000782311}
[ 2018-09-28 18:27:31,535 ][ INFO ] 获取redis耗时0.39102768898010254
[ 2018-09-28 18:27:35,271 ][ INFO ] 写入modbus点表耗时0.0
[ 2018-09-28 18:27:37,079 ][ DEBUG ] S12E43A56没有获取到数据
[ 2018-09-28 18:27:37,079 ][ DEBUG ] S12E44A56没有获取到数据
[ 2018-09-28 18:27:37,079 ][ INFO ] {'S12E41A56': 0.2590000000782311, 'S12E43A56': 0, 'S12E44A56': 0, 'S12E42A56': 0.2590000000782311}
[ 2018-09-28 18:27:37,079 ][ INFO ] 获取redis耗时0.5236713886260986
[ 2018-09-28 18:27:39,286 ][ INFO ] 写入modbus点表耗时0.0
[ 2018-09-28 18:27:42,538 ][ DEBUG ] S12E43A56没有获取到数据
[ 2018-09-28 18:27:42,538 ][ DEBUG ] S12E44A56没有获取到数据
[ 2018-09-28 18:27:42,538 ][ INFO ] {'S12E41A56': 0.2590000000782311, 'S12E43A56': 0, 'S12E44A56': 0, 'S12E42A56': 0.2590000000782311}
[ 2018-09-28 18:27:42,538 ][ INFO ] 获取redis耗时0.43795204162597656
[ 2018-09-28 18:27:43,288 ][ INFO ] 写入modbus点表耗时0.0
[ 2018-09-28 18:27:47,303 ][ INFO ] 写入modbus点表耗时0.0
[ 2018-09-28 18:27:47,959 ][ DEBUG ] S12E43A56没有获取到数据
[ 2018-09-28 18:27:47,959 ][ DEBUG ] S12E44A56没有获取到数据
[ 2018-09-28 18:27:47,959 ][ INFO ] {'S12E41A56': 0.2590000000782311, 'S12E43A56': 0, 'S12E44A56': 0, 'S12E42A56': 0.2590000000782311}
[ 2018-09-28 18:27:47,959 ][ INFO ] 获取redis耗时0.40596771240234375
[ 2018-09-28 18:27:51,317 ][ INFO ] 写入modbus点表耗时0.0
[ 2018-09-28 18:27:53,365 ][ DEBUG ] S12E43A56没有获取到数据
[ 2018-09-28 18:27:53,365 ][ DEBUG ] S12E44A56没有获取到数据
[ 2018-09-28 18:27:53,365 ][ INFO ] {'S12E41A56': 0.2590000000782311, 'S12E43A56': 0, 'S12E44A56': 0, 'S12E42A56': 0.2590000000782311}
[ 2018-09-28 18:27:53,365 ][ INFO ] 获取redis耗时0.391357421875
[ 2018-09-28 18:27:55,334 ][ INFO ] 写入modbus点表耗时0.0
[ 2018-09-28 18:27:58,889 ][ DEBUG ] S12E43A56没有获取到数据
[ 2018-09-28 18:27:58,889 ][ DEBUG ] S12E44A56没有获取到数据
[ 2018-09-28 18:27:58,889 ][ INFO ] {'S12E41A56': 0.2590000000782311, 'S12E43A56': 0, 'S12E44A56': 0, 'S12E42A56': 0.2590000000782311}
[ 2018-09-28 18:27:58,889 ][ INFO ] 获取redis耗时0.512615442276001
[ 2018-09-28 18:27:59,344 ][ INFO ] 写入modbus点表耗时0.0
[ 2018-09-28 18:28:03,350 ][ INFO ] 写入modbus点表耗时0.0
[ 2018-09-28 18:28:04,330 ][ DEBUG ] S12E43A56没有获取到数据
[ 2018-09-28 18:28:04,330 ][ DEBUG ] S12E44A56没有获取到数据
[ 2018-09-28 18:28:04,330 ][ INFO ] {'S12E41A56': 0.2590000000782311, 'S12E43A56': 0, 'S12E44A56': 0, 'S12E42A56': 0.2590000000782311}
[ 2018-09-28 18:28:04,330 ][ INFO ] 获取redis耗时0.4375734329223633
[ 2018-09-28 18:28:07,364 ][ INFO ] 写入modbus点表耗时0.0
